[debug] [2026-01-11T10:49:30.486Z] > command requires scopes: ["email","openid","https://www.googleapis.com/auth/cloudplatformprojects.readonly","https://www.googleapis.com/auth/firebase","https://www.googleapis.com/auth/cloud-platform"]
[debug] [2026-01-11T10:49:30.488Z] > authorizing via signed-in user (jlist845@gmail.com)
[debug] [2026-01-11T10:49:30.488Z] Checked if tokens are valid: false, expires at: 1768129176361
[debug] [2026-01-11T10:49:30.488Z] Checked if tokens are valid: false, expires at: 1768129176361
[debug] [2026-01-11T10:49:30.488Z] > refreshing access token with scopes: []
[debug] [2026-01-11T10:49:30.489Z] >>> [apiv2][query] POST https://www.googleapis.com/oauth2/v3/token [none]
[debug] [2026-01-11T10:49:30.489Z] >>> [apiv2][body] POST https://www.googleapis.com/oauth2/v3/token [omitted]
[debug] [2026-01-11T10:49:30.491Z] > command requires scopes: ["email","openid","https://www.googleapis.com/auth/cloudplatformprojects.readonly","https://www.googleapis.com/auth/firebase","https://www.googleapis.com/auth/cloud-platform"]
[debug] [2026-01-11T10:49:30.491Z] > authorizing via signed-in user (jlist845@gmail.com)
[debug] [2026-01-11T10:49:30.491Z] Checked if tokens are valid: false, expires at: 1768129176361
[debug] [2026-01-11T10:49:30.491Z] Checked if tokens are valid: false, expires at: 1768129176361
[debug] [2026-01-11T10:49:30.491Z] > refreshing access token with scopes: []
[debug] [2026-01-11T10:49:30.491Z] >>> [apiv2][query] POST https://www.googleapis.com/oauth2/v3/token [none]
[debug] [2026-01-11T10:49:30.491Z] >>> [apiv2][body] POST https://www.googleapis.com/oauth2/v3/token [omitted]
[debug] [2026-01-11T10:49:30.620Z] <<< [apiv2][status] POST https://www.googleapis.com/oauth2/v3/token 200
[debug] [2026-01-11T10:49:30.620Z] <<< [apiv2][body] POST https://www.googleapis.com/oauth2/v3/token [omitted]
[debug] [2026-01-11T10:49:30.642Z] >>> [apiv2][query] GET https://cloudbilling.googleapis.com/v1/projects/pose-6e546/billingInfo [none]
[debug] [2026-01-11T10:49:30.644Z] <<< [apiv2][status] POST https://www.googleapis.com/oauth2/v3/token 200
[debug] [2026-01-11T10:49:30.644Z] <<< [apiv2][body] POST https://www.googleapis.com/oauth2/v3/token [omitted]
[debug] [2026-01-11T10:49:30.657Z] >>> [apiv2][query] GET https://cloudbilling.googleapis.com/v1/projects/pose-6e546/billingInfo [none]
[debug] [2026-01-11T10:49:30.803Z] <<< [apiv2][status] GET https://cloudbilling.googleapis.com/v1/projects/pose-6e546/billingInfo 200
[debug] [2026-01-11T10:49:30.803Z] <<< [apiv2][body] GET https://cloudbilling.googleapis.com/v1/projects/pose-6e546/billingInfo {"name":"projects/pose-6e546/billingInfo","projectId":"pose-6e546","billingAccountName":"billingAccounts/011B2A-427980-32BC45","billingEnabled":true}
[debug] [2026-01-11T10:49:30.820Z] Checked if tokens are valid: true, expires at: 1768132169645
[debug] [2026-01-11T10:49:30.820Z] Checked if tokens are valid: true, expires at: 1768132169645
[debug] [2026-01-11T10:49:30.820Z] Checked if tokens are valid: true, expires at: 1768132169645
[debug] [2026-01-11T10:49:30.820Z] Checked if tokens are valid: true, expires at: 1768132169645
[debug] [2026-01-11T10:49:30.820Z] >>> [apiv2][query] GET https://serviceusage.googleapis.com/v1/projects/pose-6e546/services/firebaseapphosting.googleapis.com [none]
[debug] [2026-01-11T10:49:30.820Z] >>> [apiv2][(partial)header] GET https://serviceusage.googleapis.com/v1/projects/pose-6e546/services/firebaseapphosting.googleapis.com x-goog-quota-user=projects/pose-6e546
[debug] [2026-01-11T10:49:30.821Z] >>> [apiv2][query] GET https://serviceusage.googleapis.com/v1/projects/pose-6e546/services/firebaseio.com [none]
[debug] [2026-01-11T10:49:30.821Z] >>> [apiv2][(partial)header] GET https://serviceusage.googleapis.com/v1/projects/pose-6e546/services/firebaseio.com x-goog-quota-user=projects/pose-6e546
[debug] [2026-01-11T10:49:30.857Z] <<< [apiv2][status] GET https://cloudbilling.googleapis.com/v1/projects/pose-6e546/billingInfo 200
[debug] [2026-01-11T10:49:30.857Z] <<< [apiv2][body] GET https://cloudbilling.googleapis.com/v1/projects/pose-6e546/billingInfo {"name":"projects/pose-6e546/billingInfo","projectId":"pose-6e546","billingAccountName":"billingAccounts/011B2A-427980-32BC45","billingEnabled":true}
[debug] [2026-01-11T10:49:30.861Z] Checked if tokens are valid: true, expires at: 1768132169645
[debug] [2026-01-11T10:49:30.861Z] Checked if tokens are valid: true, expires at: 1768132169645
[debug] [2026-01-11T10:49:30.861Z] Checked if tokens are valid: true, expires at: 1768132169645
[debug] [2026-01-11T10:49:30.861Z] Checked if tokens are valid: true, expires at: 1768132169645
[debug] [2026-01-11T10:49:30.861Z] >>> [apiv2][query] GET https://serviceusage.googleapis.com/v1/projects/pose-6e546/services/firebaseapphosting.googleapis.com [none]
[debug] [2026-01-11T10:49:30.861Z] >>> [apiv2][(partial)header] GET https://serviceusage.googleapis.com/v1/projects/pose-6e546/services/firebaseapphosting.googleapis.com x-goog-quota-user=projects/pose-6e546
[debug] [2026-01-11T10:49:30.862Z] >>> [apiv2][query] GET https://serviceusage.googleapis.com/v1/projects/pose-6e546/services/firebaseio.com [none]
[debug] [2026-01-11T10:49:30.862Z] >>> [apiv2][(partial)header] GET https://serviceusage.googleapis.com/v1/projects/pose-6e546/services/firebaseio.com x-goog-quota-user=projects/pose-6e546
[debug] [2026-01-11T10:49:31.060Z] <<< [apiv2][status] GET https://serviceusage.googleapis.com/v1/projects/pose-6e546/services/firebaseio.com 403
[debug] [2026-01-11T10:49:31.060Z] <<< [apiv2][body] GET https://serviceusage.googleapis.com/v1/projects/pose-6e546/services/firebaseio.com [omitted]
[debug] [2026-01-11T10:49:31.120Z] <<< [apiv2][status] GET https://serviceusage.googleapis.com/v1/projects/pose-6e546/services/firebaseapphosting.googleapis.com 200
[debug] [2026-01-11T10:49:31.120Z] <<< [apiv2][body] GET https://serviceusage.googleapis.com/v1/projects/pose-6e546/services/firebaseapphosting.googleapis.com [omitted]
[debug] [2026-01-11T10:49:31.197Z] <<< [apiv2][status] GET https://serviceusage.googleapis.com/v1/projects/pose-6e546/services/firebaseio.com 403
[debug] [2026-01-11T10:49:31.197Z] <<< [apiv2][body] GET https://serviceusage.googleapis.com/v1/projects/pose-6e546/services/firebaseio.com [omitted]
[debug] [2026-01-11T10:49:31.320Z] <<< [apiv2][status] GET https://serviceusage.googleapis.com/v1/projects/pose-6e546/services/firebaseapphosting.googleapis.com 200
[debug] [2026-01-11T10:49:31.320Z] <<< [apiv2][body] GET https://serviceusage.googleapis.com/v1/projects/pose-6e546/services/firebaseapphosting.googleapis.com [omitted]
[debug] [2026-01-11T10:49:31.360Z] > command requires scopes: ["email","openid","https://www.googleapis.com/auth/cloudplatformprojects.readonly","https://www.googleapis.com/auth/firebase","https://www.googleapis.com/auth/cloud-platform"]
[debug] [2026-01-11T10:49:31.360Z] > authorizing via signed-in user (jlist845@gmail.com)
[debug] [2026-01-11T10:49:31.360Z] Checked if tokens are valid: true, expires at: 1768132169645
[debug] [2026-01-11T10:49:31.360Z] Checked if tokens are valid: true, expires at: 1768132169645
[debug] [2026-01-11T10:49:31.361Z] >>> [apiv2][query] GET https://cloudbilling.googleapis.com/v1/projects/pose-6e546/billingInfo [none]
[debug] [2026-01-11T10:49:31.580Z] <<< [apiv2][status] GET https://cloudbilling.googleapis.com/v1/projects/pose-6e546/billingInfo 200
[debug] [2026-01-11T10:49:31.581Z] <<< [apiv2][body] GET https://cloudbilling.googleapis.com/v1/projects/pose-6e546/billingInfo {"name":"projects/pose-6e546/billingInfo","projectId":"pose-6e546","billingAccountName":"billingAccounts/011B2A-427980-32BC45","billingEnabled":true}
[debug] [2026-01-11T10:49:31.582Z] > command requires scopes: ["email","openid","https://www.googleapis.com/auth/cloudplatformprojects.readonly","https://www.googleapis.com/auth/firebase","https://www.googleapis.com/auth/cloud-platform"]
[debug] [2026-01-11T10:49:31.582Z] > authorizing via signed-in user (jlist845@gmail.com)
[debug] [2026-01-11T10:49:31.618Z] > command requires scopes: ["email","openid","https://www.googleapis.com/auth/cloudplatformprojects.readonly","https://www.googleapis.com/auth/firebase","https://www.googleapis.com/auth/cloud-platform"]
[debug] [2026-01-11T10:49:31.618Z] > authorizing via signed-in user (jlist845@gmail.com)
[debug] [2026-01-11T10:49:31.618Z] Checked if tokens are valid: true, expires at: 1768132169645
[debug] [2026-01-11T10:49:31.618Z] Checked if tokens are valid: true, expires at: 1768132169645
[debug] [2026-01-11T10:49:31.618Z] >>> [apiv2][query] GET https://cloudbilling.googleapis.com/v1/projects/pose-6e546/billingInfo [none]
[debug] [2026-01-11T10:49:31.689Z] <<< [apiv2][status] GET https://cloudbilling.googleapis.com/v1/projects/pose-6e546/billingInfo 200
[debug] [2026-01-11T10:49:31.690Z] <<< [apiv2][body] GET https://cloudbilling.googleapis.com/v1/projects/pose-6e546/billingInfo {"name":"projects/pose-6e546/billingInfo","projectId":"pose-6e546","billingAccountName":"billingAccounts/011B2A-427980-32BC45","billingEnabled":true}
[debug] [2026-01-11T10:49:31.690Z] > command requires scopes: ["email","openid","https://www.googleapis.com/auth/cloudplatformprojects.readonly","https://www.googleapis.com/auth/firebase","https://www.googleapis.com/auth/cloud-platform"]
[debug] [2026-01-11T10:49:31.690Z] > authorizing via signed-in user (jlist845@gmail.com)
[debug] [2026-01-11T10:54:37.262Z] > command requires scopes: ["email","openid","https://www.googleapis.com/auth/cloudplatformprojects.readonly","https://www.googleapis.com/auth/firebase","https://www.googleapis.com/auth/cloud-platform"]
[debug] [2026-01-11T10:54:37.263Z] > authorizing via signed-in user (jlist845@gmail.com)
[debug] [2026-01-11T10:54:37.264Z] Checked if tokens are valid: true, expires at: 1768132169645
[debug] [2026-01-11T10:54:37.264Z] Checked if tokens are valid: true, expires at: 1768132169645
[debug] [2026-01-11T10:54:37.264Z] > command requires scopes: ["email","openid","https://www.googleapis.com/auth/cloudplatformprojects.readonly","https://www.googleapis.com/auth/firebase","https://www.googleapis.com/auth/cloud-platform"]
[debug] [2026-01-11T10:54:37.264Z] > authorizing via signed-in user (jlist845@gmail.com)
[debug] [2026-01-11T10:54:37.264Z] Checked if tokens are valid: true, expires at: 1768132169645
[debug] [2026-01-11T10:54:37.264Z] Checked if tokens are valid: true, expires at: 1768132169645
[debug] [2026-01-11T10:54:37.265Z] >>> [apiv2][query] GET https://cloudbilling.googleapis.com/v1/projects/pose-6e546/billingInfo [none]
[debug] [2026-01-11T10:54:37.266Z] >>> [apiv2][query] GET https://cloudbilling.googleapis.com/v1/projects/pose-6e546/billingInfo [none]
[debug] [2026-01-11T10:54:37.380Z] <<< [apiv2][status] GET https://cloudbilling.googleapis.com/v1/projects/pose-6e546/billingInfo 200
[debug] [2026-01-11T10:54:37.380Z] <<< [apiv2][body] GET https://cloudbilling.googleapis.com/v1/projects/pose-6e546/billingInfo {"name":"projects/pose-6e546/billingInfo","projectId":"pose-6e546","billingAccountName":"billingAccounts/011B2A-427980-32BC45","billingEnabled":true}
[debug] [2026-01-11T10:54:37.392Z] Checked if tokens are valid: true, expires at: 1768132169645
[debug] [2026-01-11T10:54:37.393Z] Checked if tokens are valid: true, expires at: 1768132169645
[debug] [2026-01-11T10:54:37.393Z] Checked if tokens are valid: true, expires at: 1768132169645
[debug] [2026-01-11T10:54:37.393Z] Checked if tokens are valid: true, expires at: 1768132169645
[debug] [2026-01-11T10:54:37.393Z] >>> [apiv2][query] GET https://serviceusage.googleapis.com/v1/projects/pose-6e546/services/firebaseapphosting.googleapis.com [none]
[debug] [2026-01-11T10:54:37.393Z] >>> [apiv2][(partial)header] GET https://serviceusage.googleapis.com/v1/projects/pose-6e546/services/firebaseapphosting.googleapis.com x-goog-quota-user=projects/pose-6e546
[debug] [2026-01-11T10:54:37.394Z] >>> [apiv2][query] GET https://serviceusage.googleapis.com/v1/projects/pose-6e546/services/firebaseio.com [none]
[debug] [2026-01-11T10:54:37.394Z] >>> [apiv2][(partial)header] GET https://serviceusage.googleapis.com/v1/projects/pose-6e546/services/firebaseio.com x-goog-quota-user=projects/pose-6e546
[debug] [2026-01-11T10:54:37.440Z] <<< [apiv2][status] GET https://cloudbilling.googleapis.com/v1/projects/pose-6e546/billingInfo 200
[debug] [2026-01-11T10:54:37.440Z] <<< [apiv2][body] GET https://cloudbilling.googleapis.com/v1/projects/pose-6e546/billingInfo {"name":"projects/pose-6e546/billingInfo","projectId":"pose-6e546","billingAccountName":"billingAccounts/011B2A-427980-32BC45","billingEnabled":true}
[debug] [2026-01-11T10:54:37.443Z] Checked if tokens are valid: true, expires at: 1768132169645
[debug] [2026-01-11T10:54:37.443Z] Checked if tokens are valid: true, expires at: 1768132169645
[debug] [2026-01-11T10:54:37.443Z] Checked if tokens are valid: true, expires at: 1768132169645
[debug] [2026-01-11T10:54:37.443Z] Checked if tokens are valid: true, expires at: 1768132169645
[debug] [2026-01-11T10:54:37.443Z] >>> [apiv2][query] GET https://serviceusage.googleapis.com/v1/projects/pose-6e546/services/firebaseapphosting.googleapis.com [none]
[debug] [2026-01-11T10:54:37.443Z] >>> [apiv2][(partial)header] GET https://serviceusage.googleapis.com/v1/projects/pose-6e546/services/firebaseapphosting.googleapis.com x-goog-quota-user=projects/pose-6e546
[debug] [2026-01-11T10:54:37.444Z] >>> [apiv2][query] GET https://serviceusage.googleapis.com/v1/projects/pose-6e546/services/firebaseio.com [none]
[debug] [2026-01-11T10:54:37.444Z] >>> [apiv2][(partial)header] GET https://serviceusage.googleapis.com/v1/projects/pose-6e546/services/firebaseio.com x-goog-quota-user=projects/pose-6e546
[debug] [2026-01-11T10:54:37.588Z] <<< [apiv2][status] GET https://serviceusage.googleapis.com/v1/projects/pose-6e546/services/firebaseio.com 403
[debug] [2026-01-11T10:54:37.588Z] <<< [apiv2][body] GET https://serviceusage.googleapis.com/v1/projects/pose-6e546/services/firebaseio.com [omitted]
[debug] [2026-01-11T10:54:37.653Z] <<< [apiv2][status] GET https://serviceusage.googleapis.com/v1/projects/pose-6e546/services/firebaseapphosting.googleapis.com 200
[debug] [2026-01-11T10:54:37.653Z] <<< [apiv2][body] GET https://serviceusage.googleapis.com/v1/projects/pose-6e546/services/firebaseapphosting.googleapis.com [omitted]
[debug] [2026-01-11T10:54:37.704Z] > command requires scopes: ["email","openid","https://www.googleapis.com/auth/cloudplatformprojects.readonly","https://www.googleapis.com/auth/firebase","https://www.googleapis.com/auth/cloud-platform"]
[debug] [2026-01-11T10:54:37.705Z] > authorizing via signed-in user (jlist845@gmail.com)
[debug] [2026-01-11T10:54:37.705Z] Checked if tokens are valid: true, expires at: 1768132169645
[debug] [2026-01-11T10:54:37.705Z] Checked if tokens are valid: true, expires at: 1768132169645
[debug] [2026-01-11T10:54:37.705Z] >>> [apiv2][query] GET https://cloudbilling.googleapis.com/v1/projects/pose-6e546/billingInfo [none]
[debug] [2026-01-11T10:54:37.725Z] <<< [apiv2][status] GET https://serviceusage.googleapis.com/v1/projects/pose-6e546/services/firebaseio.com 403
[debug] [2026-01-11T10:54:37.725Z] <<< [apiv2][body] GET https://serviceusage.googleapis.com/v1/projects/pose-6e546/services/firebaseio.com [omitted]
[debug] [2026-01-11T10:54:37.761Z] <<< [apiv2][status] GET https://cloudbilling.googleapis.com/v1/projects/pose-6e546/billingInfo 200
[debug] [2026-01-11T10:54:37.761Z] <<< [apiv2][body] GET https://cloudbilling.googleapis.com/v1/projects/pose-6e546/billingInfo {"name":"projects/pose-6e546/billingInfo","projectId":"pose-6e546","billingAccountName":"billingAccounts/011B2A-427980-32BC45","billingEnabled":true}
[debug] [2026-01-11T10:54:37.763Z] > command requires scopes: ["email","openid","https://www.googleapis.com/auth/cloudplatformprojects.readonly","https://www.googleapis.com/auth/firebase","https://www.googleapis.com/auth/cloud-platform"]
[debug] [2026-01-11T10:54:37.763Z] > authorizing via signed-in user (jlist845@gmail.com)
[debug] [2026-01-11T10:54:37.804Z] > command requires scopes: ["email","openid","https://www.googleapis.com/auth/cloudplatformprojects.readonly","https://www.googleapis.com/auth/firebase","https://www.googleapis.com/auth/cloud-platform"]
[debug] [2026-01-11T10:54:37.804Z] > authorizing via signed-in user (jlist845@gmail.com)
[debug] [2026-01-11T10:54:37.804Z] Checked if tokens are valid: true, expires at: 1768132169645
[debug] [2026-01-11T10:54:37.804Z] Checked if tokens are valid: true, expires at: 1768132169645
[debug] [2026-01-11T10:54:37.805Z] >>> [apiv2][query] GET https://cloudbilling.googleapis.com/v1/projects/pose-6e546/billingInfo [none]
[debug] [2026-01-11T10:54:37.845Z] <<< [apiv2][status] GET https://serviceusage.googleapis.com/v1/projects/pose-6e546/services/firebaseapphosting.googleapis.com 200
[debug] [2026-01-11T10:54:37.845Z] <<< [apiv2][body] GET https://serviceusage.googleapis.com/v1/projects/pose-6e546/services/firebaseapphosting.googleapis.com [omitted]
[debug] [2026-01-11T10:54:37.883Z] <<< [apiv2][status] GET https://cloudbilling.googleapis.com/v1/projects/pose-6e546/billingInfo 200
[debug] [2026-01-11T10:54:37.883Z] <<< [apiv2][body] GET https://cloudbilling.googleapis.com/v1/projects/pose-6e546/billingInfo {"name":"projects/pose-6e546/billingInfo","projectId":"pose-6e546","billingAccountName":"billingAccounts/011B2A-427980-32BC45","billingEnabled":true}
[debug] [2026-01-11T10:54:37.884Z] > command requires scopes: ["email","openid","https://www.googleapis.com/auth/cloudplatformprojects.readonly","https://www.googleapis.com/auth/firebase","https://www.googleapis.com/auth/cloud-platform"]
[debug] [2026-01-11T10:54:37.884Z] > authorizing via signed-in user (jlist845@gmail.com)
[debug] [2026-01-11T11:34:16.585Z] > command requires scopes: ["email","openid","https://www.googleapis.com/auth/cloudplatformprojects.readonly","https://www.googleapis.com/auth/firebase","https://www.googleapis.com/auth/cloud-platform"]
[debug] [2026-01-11T11:34:16.586Z] > authorizing via signed-in user (jlist845@gmail.com)
[debug] [2026-01-11T11:34:16.587Z] Checked if tokens are valid: true, expires at: 1768132169645
[debug] [2026-01-11T11:34:16.587Z] Checked if tokens are valid: true, expires at: 1768132169645
[debug] [2026-01-11T11:34:16.587Z] > command requires scopes: ["email","openid","https://www.googleapis.com/auth/cloudplatformprojects.readonly","https://www.googleapis.com/auth/firebase","https://www.googleapis.com/auth/cloud-platform"]
[debug] [2026-01-11T11:34:16.587Z] > authorizing via signed-in user (jlist845@gmail.com)
[debug] [2026-01-11T11:34:16.588Z] Checked if tokens are valid: true, expires at: 1768132169645
[debug] [2026-01-11T11:34:16.588Z] Checked if tokens are valid: true, expires at: 1768132169645
[debug] [2026-01-11T11:34:16.588Z] >>> [apiv2][query] GET https://cloudbilling.googleapis.com/v1/projects/pose-6e546/billingInfo [none]
[debug] [2026-01-11T11:34:16.590Z] >>> [apiv2][query] GET https://cloudbilling.googleapis.com/v1/projects/pose-6e546/billingInfo [none]
[debug] [2026-01-11T11:34:16.818Z] <<< [apiv2][status] GET https://cloudbilling.googleapis.com/v1/projects/pose-6e546/billingInfo 200
[debug] [2026-01-11T11:34:16.818Z] <<< [apiv2][body] GET https://cloudbilling.googleapis.com/v1/projects/pose-6e546/billingInfo {"name":"projects/pose-6e546/billingInfo","projectId":"pose-6e546","billingAccountName":"billingAccounts/011B2A-427980-32BC45","billingEnabled":true}
[debug] [2026-01-11T11:34:16.828Z] Checked if tokens are valid: true, expires at: 1768132169645
[debug] [2026-01-11T11:34:16.828Z] Checked if tokens are valid: true, expires at: 1768132169645
[debug] [2026-01-11T11:34:16.828Z] Checked if tokens are valid: true, expires at: 1768132169645
[debug] [2026-01-11T11:34:16.828Z] Checked if tokens are valid: true, expires at: 1768132169645
[debug] [2026-01-11T11:34:16.828Z] >>> [apiv2][query] GET https://serviceusage.googleapis.com/v1/projects/pose-6e546/services/firebaseapphosting.googleapis.com [none]
[debug] [2026-01-11T11:34:16.828Z] >>> [apiv2][(partial)header] GET https://serviceusage.googleapis.com/v1/projects/pose-6e546/services/firebaseapphosting.googleapis.com x-goog-quota-user=projects/pose-6e546
[debug] [2026-01-11T11:34:16.829Z] >>> [apiv2][query] GET https://serviceusage.googleapis.com/v1/projects/pose-6e546/services/firebaseio.com [none]
[debug] [2026-01-11T11:34:16.829Z] >>> [apiv2][(partial)header] GET https://serviceusage.googleapis.com/v1/projects/pose-6e546/services/firebaseio.com x-goog-quota-user=projects/pose-6e546
[debug] [2026-01-11T11:34:16.862Z] <<< [apiv2][status] GET https://cloudbilling.googleapis.com/v1/projects/pose-6e546/billingInfo 200
[debug] [2026-01-11T11:34:16.862Z] <<< [apiv2][body] GET https://cloudbilling.googleapis.com/v1/projects/pose-6e546/billingInfo {"name":"projects/pose-6e546/billingInfo","projectId":"pose-6e546","billingAccountName":"billingAccounts/011B2A-427980-32BC45","billingEnabled":true}
[debug] [2026-01-11T11:34:16.864Z] Checked if tokens are valid: true, expires at: 1768132169645
[debug] [2026-01-11T11:34:16.864Z] Checked if tokens are valid: true, expires at: 1768132169645
[debug] [2026-01-11T11:34:16.864Z] Checked if tokens are valid: true, expires at: 1768132169645
[debug] [2026-01-11T11:34:16.864Z] Checked if tokens are valid: true, expires at: 1768132169645
[debug] [2026-01-11T11:34:16.864Z] >>> [apiv2][query] GET https://serviceusage.googleapis.com/v1/projects/pose-6e546/services/firebaseapphosting.googleapis.com [none]
[debug] [2026-01-11T11:34:16.864Z] >>> [apiv2][(partial)header] GET https://serviceusage.googleapis.com/v1/projects/pose-6e546/services/firebaseapphosting.googleapis.com x-goog-quota-user=projects/pose-6e546
[debug] [2026-01-11T11:34:16.865Z] >>> [apiv2][query] GET https://serviceusage.googleapis.com/v1/projects/pose-6e546/services/firebaseio.com [none]
[debug] [2026-01-11T11:34:16.865Z] >>> [apiv2][(partial)header] GET https://serviceusage.googleapis.com/v1/projects/pose-6e546/services/firebaseio.com x-goog-quota-user=projects/pose-6e546
[debug] [2026-01-11T11:34:17.065Z] <<< [apiv2][status] GET https://serviceusage.googleapis.com/v1/projects/pose-6e546/services/firebaseio.com 403
[debug] [2026-01-11T11:34:17.065Z] <<< [apiv2][body] GET https://serviceusage.googleapis.com/v1/projects/pose-6e546/services/firebaseio.com [omitted]
[debug] [2026-01-11T11:34:17.109Z] <<< [apiv2][status] GET https://serviceusage.googleapis.com/v1/projects/pose-6e546/services/firebaseapphosting.googleapis.com 200
[debug] [2026-01-11T11:34:17.109Z] <<< [apiv2][body] GET https://serviceusage.googleapis.com/v1/projects/pose-6e546/services/firebaseapphosting.googleapis.com [omitted]
[debug] [2026-01-11T11:34:17.200Z] <<< [apiv2][status] GET https://serviceusage.googleapis.com/v1/projects/pose-6e546/services/firebaseio.com 403
[debug] [2026-01-11T11:34:17.200Z] <<< [apiv2][body] GET https://serviceusage.googleapis.com/v1/projects/pose-6e546/services/firebaseio.com [omitted]
[debug] [2026-01-11T11:34:17.296Z] <<< [apiv2][status] GET https://serviceusage.googleapis.com/v1/projects/pose-6e546/services/firebaseapphosting.googleapis.com 200
[debug] [2026-01-11T11:34:17.296Z] <<< [apiv2][body] GET https://serviceusage.googleapis.com/v1/projects/pose-6e546/services/firebaseapphosting.googleapis.com [omitted]
[debug] [2026-01-11T11:34:17.334Z] > command requires scopes: ["email","openid","https://www.googleapis.com/auth/cloudplatformprojects.readonly","https://www.googleapis.com/auth/firebase","https://www.googleapis.com/auth/cloud-platform"]
[debug] [2026-01-11T11:34:17.334Z] > authorizing via signed-in user (jlist845@gmail.com)
[debug] [2026-01-11T11:34:17.334Z] Checked if tokens are valid: true, expires at: 1768132169645
[debug] [2026-01-11T11:34:17.334Z] Checked if tokens are valid: true, expires at: 1768132169645
[debug] [2026-01-11T11:34:17.334Z] >>> [apiv2][query] GET https://cloudbilling.googleapis.com/v1/projects/pose-6e546/billingInfo [none]
[debug] [2026-01-11T11:34:17.393Z] <<< [apiv2][status] GET https://cloudbilling.googleapis.com/v1/projects/pose-6e546/billingInfo 200
[debug] [2026-01-11T11:34:17.393Z] <<< [apiv2][body] GET https://cloudbilling.googleapis.com/v1/projects/pose-6e546/billingInfo {"name":"projects/pose-6e546/billingInfo","projectId":"pose-6e546","billingAccountName":"billingAccounts/011B2A-427980-32BC45","billingEnabled":true}
[debug] [2026-01-11T11:34:17.394Z] > command requires scopes: ["email","openid","https://www.googleapis.com/auth/cloudplatformprojects.readonly","https://www.googleapis.com/auth/firebase","https://www.googleapis.com/auth/cloud-platform"]
[debug] [2026-01-11T11:34:17.394Z] > authorizing via signed-in user (jlist845@gmail.com)
[debug] [2026-01-11T11:34:17.430Z] > command requires scopes: ["email","openid","https://www.googleapis.com/auth/cloudplatformprojects.readonly","https://www.googleapis.com/auth/firebase","https://www.googleapis.com/auth/cloud-platform"]
[debug] [2026-01-11T11:34:17.430Z] > authorizing via signed-in user (jlist845@gmail.com)
[debug] [2026-01-11T11:34:17.430Z] Checked if tokens are valid: true, expires at: 1768132169645
[debug] [2026-01-11T11:34:17.430Z] Checked if tokens are valid: true, expires at: 1768132169645
[debug] [2026-01-11T11:34:17.430Z] >>> [apiv2][query] GET https://cloudbilling.googleapis.com/v1/projects/pose-6e546/billingInfo [none]
[debug] [2026-01-11T11:34:17.486Z] <<< [apiv2][status] GET https://cloudbilling.googleapis.com/v1/projects/pose-6e546/billingInfo 200
[debug] [2026-01-11T11:34:17.486Z] <<< [apiv2][body] GET https://cloudbilling.googleapis.com/v1/projects/pose-6e546/billingInfo {"name":"projects/pose-6e546/billingInfo","projectId":"pose-6e546","billingAccountName":"billingAccounts/011B2A-427980-32BC45","billingEnabled":true}
[debug] [2026-01-11T11:34:17.487Z] > command requires scopes: ["email","openid","https://www.googleapis.com/auth/cloudplatformprojects.readonly","https://www.googleapis.com/auth/firebase","https://www.googleapis.com/auth/cloud-platform"]
[debug] [2026-01-11T11:34:17.487Z] > authorizing via signed-in user (jlist845@gmail.com)
[debug] [2026-01-11T11:49:37.904Z] > command requires scopes: ["email","openid","https://www.googleapis.com/auth/cloudplatformprojects.readonly","https://www.googleapis.com/auth/firebase","https://www.googleapis.com/auth/cloud-platform"]
[debug] [2026-01-11T11:49:37.906Z] > authorizing via signed-in user (jlist845@gmail.com)
[debug] [2026-01-11T11:49:37.906Z] Checked if tokens are valid: false, expires at: 1768132169645
[debug] [2026-01-11T11:49:37.906Z] Checked if tokens are valid: false, expires at: 1768132169645
[debug] [2026-01-11T11:49:37.906Z] > refreshing access token with scopes: []
[debug] [2026-01-11T11:49:37.907Z] >>> [apiv2][query] POST https://www.googleapis.com/oauth2/v3/token [none]
[debug] [2026-01-11T11:49:37.908Z] >>> [apiv2][body] POST https://www.googleapis.com/oauth2/v3/token [omitted]
[debug] [2026-01-11T11:49:37.909Z] > command requires scopes: ["email","openid","https://www.googleapis.com/auth/cloudplatformprojects.readonly","https://www.googleapis.com/auth/firebase","https://www.googleapis.com/auth/cloud-platform"]
[debug] [2026-01-11T11:49:37.909Z] > authorizing via signed-in user (jlist845@gmail.com)
[debug] [2026-01-11T11:49:37.909Z] Checked if tokens are valid: false, expires at: 1768132169645
[debug] [2026-01-11T11:49:37.909Z] Checked if tokens are valid: false, expires at: 1768132169645
[debug] [2026-01-11T11:49:37.909Z] > refreshing access token with scopes: []
[debug] [2026-01-11T11:49:37.909Z] >>> [apiv2][query] POST https://www.googleapis.com/oauth2/v3/token [none]
[debug] [2026-01-11T11:49:37.909Z] >>> [apiv2][body] POST https://www.googleapis.com/oauth2/v3/token [omitted]
[debug] [2026-01-11T11:49:38.011Z] <<< [apiv2][status] POST https://www.googleapis.com/oauth2/v3/token 200
[debug] [2026-01-11T11:49:38.011Z] <<< [apiv2][body] POST https://www.googleapis.com/oauth2/v3/token [omitted]
[debug] [2026-01-11T11:49:38.026Z] >>> [apiv2][query] GET https://cloudbilling.googleapis.com/v1/projects/pose-6e546/billingInfo [none]
[debug] [2026-01-11T11:49:38.028Z] <<< [apiv2][status] POST https://www.googleapis.com/oauth2/v3/token 200
[debug] [2026-01-11T11:49:38.028Z] <<< [apiv2][body] POST https://www.googleapis.com/oauth2/v3/token [omitted]
[debug] [2026-01-11T11:49:38.040Z] >>> [apiv2][query] GET https://cloudbilling.googleapis.com/v1/projects/pose-6e546/billingInfo [none]
[debug] [2026-01-11T11:49:38.207Z] <<< [apiv2][status] GET https://cloudbilling.googleapis.com/v1/projects/pose-6e546/billingInfo 200
[debug] [2026-01-11T11:49:38.207Z] <<< [apiv2][body] GET https://cloudbilling.googleapis.com/v1/projects/pose-6e546/billingInfo {"name":"projects/pose-6e546/billingInfo","projectId":"pose-6e546","billingAccountName":"billingAccounts/011B2A-427980-32BC45","billingEnabled":true}
[debug] [2026-01-11T11:49:38.226Z] Checked if tokens are valid: true, expires at: 1768135777028
[debug] [2026-01-11T11:49:38.226Z] Checked if tokens are valid: true, expires at: 1768135777028
[debug] [2026-01-11T11:49:38.226Z] Checked if tokens are valid: true, expires at: 1768135777028
[debug] [2026-01-11T11:49:38.226Z] Checked if tokens are valid: true, expires at: 1768135777028
[debug] [2026-01-11T11:49:38.226Z] >>> [apiv2][query] GET https://serviceusage.googleapis.com/v1/projects/pose-6e546/services/firebaseapphosting.googleapis.com [none]
[debug] [2026-01-11T11:49:38.226Z] >>> [apiv2][(partial)header] GET https://serviceusage.googleapis.com/v1/projects/pose-6e546/services/firebaseapphosting.googleapis.com x-goog-quota-user=projects/pose-6e546
[debug] [2026-01-11T11:49:38.228Z] >>> [apiv2][query] GET https://serviceusage.googleapis.com/v1/projects/pose-6e546/services/firebaseio.com [none]
[debug] [2026-01-11T11:49:38.228Z] >>> [apiv2][(partial)header] GET https://serviceusage.googleapis.com/v1/projects/pose-6e546/services/firebaseio.com x-goog-quota-user=projects/pose-6e546
[debug] [2026-01-11T11:49:38.256Z] <<< [apiv2][status] GET https://cloudbilling.googleapis.com/v1/projects/pose-6e546/billingInfo 200
[debug] [2026-01-11T11:49:38.256Z] <<< [apiv2][body] GET https://cloudbilling.googleapis.com/v1/projects/pose-6e546/billingInfo {"name":"projects/pose-6e546/billingInfo","projectId":"pose-6e546","billingAccountName":"billingAccounts/011B2A-427980-32BC45","billingEnabled":true}
[debug] [2026-01-11T11:49:38.259Z] Checked if tokens are valid: true, expires at: 1768135777028
[debug] [2026-01-11T11:49:38.259Z] Checked if tokens are valid: true, expires at: 1768135777028
[debug] [2026-01-11T11:49:38.259Z] Checked if tokens are valid: true, expires at: 1768135777028
[debug] [2026-01-11T11:49:38.259Z] Checked if tokens are valid: true, expires at: 1768135777028
[debug] [2026-01-11T11:49:38.259Z] >>> [apiv2][query] GET https://serviceusage.googleapis.com/v1/projects/pose-6e546/services/firebaseapphosting.googleapis.com [none]
[debug] [2026-01-11T11:49:38.259Z] >>> [apiv2][(partial)header] GET https://serviceusage.googleapis.com/v1/projects/pose-6e546/services/firebaseapphosting.googleapis.com x-goog-quota-user=projects/pose-6e546
[debug] [2026-01-11T11:49:38.260Z] >>> [apiv2][query] GET https://serviceusage.googleapis.com/v1/projects/pose-6e546/services/firebaseio.com [none]
[debug] [2026-01-11T11:49:38.260Z] >>> [apiv2][(partial)header] GET https://serviceusage.googleapis.com/v1/projects/pose-6e546/services/firebaseio.com x-goog-quota-user=projects/pose-6e546
[debug] [2026-01-11T11:49:38.472Z] <<< [apiv2][status] GET https://serviceusage.googleapis.com/v1/projects/pose-6e546/services/firebaseio.com 403
[debug] [2026-01-11T11:49:38.472Z] <<< [apiv2][body] GET https://serviceusage.googleapis.com/v1/projects/pose-6e546/services/firebaseio.com [omitted]
[debug] [2026-01-11T11:49:38.502Z] <<< [apiv2][status] GET https://serviceusage.googleapis.com/v1/projects/pose-6e546/services/firebaseapphosting.googleapis.com 200
[debug] [2026-01-11T11:49:38.502Z] <<< [apiv2][body] GET https://serviceusage.googleapis.com/v1/projects/pose-6e546/services/firebaseapphosting.googleapis.com [omitted]
[debug] [2026-01-11T11:49:38.612Z] <<< [apiv2][status] GET https://serviceusage.googleapis.com/v1/projects/pose-6e546/services/firebaseio.com 403
[debug] [2026-01-11T11:49:38.612Z] <<< [apiv2][body] GET https://serviceusage.googleapis.com/v1/projects/pose-6e546/services/firebaseio.com [omitted]
[debug] [2026-01-11T11:49:38.699Z] <<< [apiv2][status] GET https://serviceusage.googleapis.com/v1/projects/pose-6e546/services/firebaseapphosting.googleapis.com 200
[debug] [2026-01-11T11:49:38.699Z] <<< [apiv2][body] GET https://serviceusage.googleapis.com/v1/projects/pose-6e546/services/firebaseapphosting.googleapis.com [omitted]
[debug] [2026-01-11T11:49:38.748Z] > command requires scopes: ["email","openid","https://www.googleapis.com/auth/cloudplatformprojects.readonly","https://www.googleapis.com/auth/firebase","https://www.googleapis.com/auth/cloud-platform"]
[debug] [2026-01-11T11:49:38.748Z] > authorizing via signed-in user (jlist845@gmail.com)
[debug] [2026-01-11T11:49:38.749Z] Checked if tokens are valid: true, expires at: 1768135777028
[debug] [2026-01-11T11:49:38.749Z] Checked if tokens are valid: true, expires at: 1768135777028
[debug] [2026-01-11T11:49:38.749Z] >>> [apiv2][query] GET https://cloudbilling.googleapis.com/v1/projects/pose-6e546/billingInfo [none]
[debug] [2026-01-11T11:49:38.821Z] <<< [apiv2][status] GET https://cloudbilling.googleapis.com/v1/projects/pose-6e546/billingInfo 200
[debug] [2026-01-11T11:49:38.821Z] <<< [apiv2][body] GET https://cloudbilling.googleapis.com/v1/projects/pose-6e546/billingInfo {"name":"projects/pose-6e546/billingInfo","projectId":"pose-6e546","billingAccountName":"billingAccounts/011B2A-427980-32BC45","billingEnabled":true}
[debug] [2026-01-11T11:49:38.824Z] > command requires scopes: ["email","openid","https://www.googleapis.com/auth/cloudplatformprojects.readonly","https://www.googleapis.com/auth/firebase","https://www.googleapis.com/auth/cloud-platform"]
[debug] [2026-01-11T11:49:38.824Z] > authorizing via signed-in user (jlist845@gmail.com)
[debug] [2026-01-11T11:49:38.865Z] > command requires scopes: ["email","openid","https://www.googleapis.com/auth/cloudplatformprojects.readonly","https://www.googleapis.com/auth/firebase","https://www.googleapis.com/auth/cloud-platform"]
[debug] [2026-01-11T11:49:38.865Z] > authorizing via signed-in user (jlist845@gmail.com)
[debug] [2026-01-11T11:49:38.865Z] Checked if tokens are valid: true, expires at: 1768135777028
[debug] [2026-01-11T11:49:38.865Z] Checked if tokens are valid: true, expires at: 1768135777028
[debug] [2026-01-11T11:49:38.865Z] >>> [apiv2][query] GET https://cloudbilling.googleapis.com/v1/projects/pose-6e546/billingInfo [none]
[debug] [2026-01-11T11:49:38.934Z] <<< [apiv2][status] GET https://cloudbilling.googleapis.com/v1/projects/pose-6e546/billingInfo 200
[debug] [2026-01-11T11:49:38.934Z] <<< [apiv2][body] GET https://cloudbilling.googleapis.com/v1/projects/pose-6e546/billingInfo {"name":"projects/pose-6e546/billingInfo","projectId":"pose-6e546","billingAccountName":"billingAccounts/011B2A-427980-32BC45","billingEnabled":true}
[debug] [2026-01-11T11:49:38.936Z] > command requires scopes: ["email","openid","https://www.googleapis.com/auth/cloudplatformprojects.readonly","https://www.googleapis.com/auth/firebase","https://www.googleapis.com/auth/cloud-platform"]
[debug] [2026-01-11T11:49:38.936Z] > authorizing via signed-in user (jlist845@gmail.com)
[debug] [2026-01-11T11:54:57.336Z] > command requires scopes: ["email","openid","https://www.googleapis.com/auth/cloudplatformprojects.readonly","https://www.googleapis.com/auth/firebase","https://www.googleapis.com/auth/cloud-platform"]
[debug] [2026-01-11T11:54:57.338Z] > authorizing via signed-in user (jlist845@gmail.com)
[debug] [2026-01-11T11:54:57.338Z] Checked if tokens are valid: true, expires at: 1768135777028
[debug] [2026-01-11T11:54:57.338Z] Checked if tokens are valid: true, expires at: 1768135777028
[debug] [2026-01-11T11:54:57.338Z] > command requires scopes: ["email","openid","https://www.googleapis.com/auth/cloudplatformprojects.readonly","https://www.googleapis.com/auth/firebase","https://www.googleapis.com/auth/cloud-platform"]
[debug] [2026-01-11T11:54:57.339Z] > authorizing via signed-in user (jlist845@gmail.com)
[debug] [2026-01-11T11:54:57.339Z] Checked if tokens are valid: true, expires at: 1768135777028
[debug] [2026-01-11T11:54:57.339Z] Checked if tokens are valid: true, expires at: 1768135777028
[debug] [2026-01-11T11:54:57.339Z] >>> [apiv2][query] GET https://cloudbilling.googleapis.com/v1/projects/pose-6e546/billingInfo [none]
[debug] [2026-01-11T11:54:57.340Z] >>> [apiv2][query] GET https://cloudbilling.googleapis.com/v1/projects/pose-6e546/billingInfo [none]
[debug] [2026-01-11T11:54:57.469Z] <<< [apiv2][status] GET https://cloudbilling.googleapis.com/v1/projects/pose-6e546/billingInfo 200
[debug] [2026-01-11T11:54:57.469Z] <<< [apiv2][body] GET https://cloudbilling.googleapis.com/v1/projects/pose-6e546/billingInfo {"name":"projects/pose-6e546/billingInfo","projectId":"pose-6e546","billingAccountName":"billingAccounts/011B2A-427980-32BC45","billingEnabled":true}
[debug] [2026-01-11T11:54:57.484Z] Checked if tokens are valid: true, expires at: 1768135777028
[debug] [2026-01-11T11:54:57.484Z] Checked if tokens are valid: true, expires at: 1768135777028
[debug] [2026-01-11T11:54:57.484Z] Checked if tokens are valid: true, expires at: 1768135777028
[debug] [2026-01-11T11:54:57.484Z] Checked if tokens are valid: true, expires at: 1768135777028
[debug] [2026-01-11T11:54:57.484Z] >>> [apiv2][query] GET https://serviceusage.googleapis.com/v1/projects/pose-6e546/services/firebaseapphosting.googleapis.com [none]
[debug] [2026-01-11T11:54:57.484Z] >>> [apiv2][(partial)header] GET https://serviceusage.googleapis.com/v1/projects/pose-6e546/services/firebaseapphosting.googleapis.com x-goog-quota-user=projects/pose-6e546
[debug] [2026-01-11T11:54:57.485Z] >>> [apiv2][query] GET https://serviceusage.googleapis.com/v1/projects/pose-6e546/services/firebaseio.com [none]
[debug] [2026-01-11T11:54:57.485Z] >>> [apiv2][(partial)header] GET https://serviceusage.googleapis.com/v1/projects/pose-6e546/services/firebaseio.com x-goog-quota-user=projects/pose-6e546
[debug] [2026-01-11T11:54:57.533Z] <<< [apiv2][status] GET https://cloudbilling.googleapis.com/v1/projects/pose-6e546/billingInfo 200
[debug] [2026-01-11T11:54:57.533Z] <<< [apiv2][body] GET https://cloudbilling.googleapis.com/v1/projects/pose-6e546/billingInfo {"name":"projects/pose-6e546/billingInfo","projectId":"pose-6e546","billingAccountName":"billingAccounts/011B2A-427980-32BC45","billingEnabled":true}
[debug] [2026-01-11T11:54:57.535Z] Checked if tokens are valid: true, expires at: 1768135777028
[debug] [2026-01-11T11:54:57.535Z] Checked if tokens are valid: true, expires at: 1768135777028
[debug] [2026-01-11T11:54:57.535Z] Checked if tokens are valid: true, expires at: 1768135777028
[debug] [2026-01-11T11:54:57.535Z] Checked if tokens are valid: true, expires at: 1768135777028
[debug] [2026-01-11T11:54:57.536Z] >>> [apiv2][query] GET https://serviceusage.googleapis.com/v1/projects/pose-6e546/services/firebaseapphosting.googleapis.com [none]
[debug] [2026-01-11T11:54:57.536Z] >>> [apiv2][(partial)header] GET https://serviceusage.googleapis.com/v1/projects/pose-6e546/services/firebaseapphosting.googleapis.com x-goog-quota-user=projects/pose-6e546
[debug] [2026-01-11T11:54:57.536Z] >>> [apiv2][query] GET https://serviceusage.googleapis.com/v1/projects/pose-6e546/services/firebaseio.com [none]
[debug] [2026-01-11T11:54:57.536Z] >>> [apiv2][(partial)header] GET https://serviceusage.googleapis.com/v1/projects/pose-6e546/services/firebaseio.com x-goog-quota-user=projects/pose-6e546
[debug] [2026-01-11T11:54:57.661Z] <<< [apiv2][status] GET https://serviceusage.googleapis.com/v1/projects/pose-6e546/services/firebaseapphosting.googleapis.com 200
[debug] [2026-01-11T11:54:57.661Z] <<< [apiv2][body] GET https://serviceusage.googleapis.com/v1/projects/pose-6e546/services/firebaseapphosting.googleapis.com [omitted]
[debug] [2026-01-11T11:54:57.688Z] <<< [apiv2][status] GET https://serviceusage.googleapis.com/v1/projects/pose-6e546/services/firebaseio.com 403
[debug] [2026-01-11T11:54:57.688Z] <<< [apiv2][body] GET https://serviceusage.googleapis.com/v1/projects/pose-6e546/services/firebaseio.com [omitted]
[debug] [2026-01-11T11:54:57.817Z] <<< [apiv2][status] GET https://serviceusage.googleapis.com/v1/projects/pose-6e546/services/firebaseio.com 403
[debug] [2026-01-11T11:54:57.817Z] <<< [apiv2][body] GET https://serviceusage.googleapis.com/v1/projects/pose-6e546/services/firebaseio.com [omitted]
[debug] [2026-01-11T11:54:57.855Z] <<< [apiv2][status] GET https://serviceusage.googleapis.com/v1/projects/pose-6e546/services/firebaseapphosting.googleapis.com 200
[debug] [2026-01-11T11:54:57.855Z] <<< [apiv2][body] GET https://serviceusage.googleapis.com/v1/projects/pose-6e546/services/firebaseapphosting.googleapis.com [omitted]
[debug] [2026-01-11T11:54:57.894Z] > command requires scopes: ["email","openid","https://www.googleapis.com/auth/cloudplatformprojects.readonly","https://www.googleapis.com/auth/firebase","https://www.googleapis.com/auth/cloud-platform"]
[debug] [2026-01-11T11:54:57.894Z] > authorizing via signed-in user (jlist845@gmail.com)
[debug] [2026-01-11T11:54:57.894Z] Checked if tokens are valid: true, expires at: 1768135777028
[debug] [2026-01-11T11:54:57.894Z] Checked if tokens are valid: true, expires at: 1768135777028
[debug] [2026-01-11T11:54:57.894Z] >>> [apiv2][query] GET https://cloudbilling.googleapis.com/v1/projects/pose-6e546/billingInfo [none]
[debug] [2026-01-11T11:54:57.963Z] <<< [apiv2][status] GET https://cloudbilling.googleapis.com/v1/projects/pose-6e546/billingInfo 200
[debug] [2026-01-11T11:54:57.963Z] <<< [apiv2][body] GET https://cloudbilling.googleapis.com/v1/projects/pose-6e546/billingInfo {"name":"projects/pose-6e546/billingInfo","projectId":"pose-6e546","billingAccountName":"billingAccounts/011B2A-427980-32BC45","billingEnabled":true}
[debug] [2026-01-11T11:54:57.964Z] > command requires scopes: ["email","openid","https://www.googleapis.com/auth/cloudplatformprojects.readonly","https://www.googleapis.com/auth/firebase","https://www.googleapis.com/auth/cloud-platform"]
[debug] [2026-01-11T11:54:57.964Z] > authorizing via signed-in user (jlist845@gmail.com)
[debug] [2026-01-11T11:54:57.999Z] > command requires scopes: ["email","openid","https://www.googleapis.com/auth/cloudplatformprojects.readonly","https://www.googleapis.com/auth/firebase","https://www.googleapis.com/auth/cloud-platform"]
[debug] [2026-01-11T11:54:57.999Z] > authorizing via signed-in user (jlist845@gmail.com)
[debug] [2026-01-11T11:54:57.999Z] Checked if tokens are valid: true, expires at: 1768135777028
[debug] [2026-01-11T11:54:57.999Z] Checked if tokens are valid: true, expires at: 1768135777028
[debug] [2026-01-11T11:54:57.999Z] >>> [apiv2][query] GET https://cloudbilling.googleapis.com/v1/projects/pose-6e546/billingInfo [none]
[debug] [2026-01-11T11:54:58.060Z] <<< [apiv2][status] GET https://cloudbilling.googleapis.com/v1/projects/pose-6e546/billingInfo 200
[debug] [2026-01-11T11:54:58.061Z] <<< [apiv2][body] GET https://cloudbilling.googleapis.com/v1/projects/pose-6e546/billingInfo {"name":"projects/pose-6e546/billingInfo","projectId":"pose-6e546","billingAccountName":"billingAccounts/011B2A-427980-32BC45","billingEnabled":true}
[debug] [2026-01-11T11:54:58.062Z] > command requires scopes: ["email","openid","https://www.googleapis.com/auth/cloudplatformprojects.readonly","https://www.googleapis.com/auth/firebase","https://www.googleapis.com/auth/cloud-platform"]
[debug] [2026-01-11T11:54:58.062Z] > authorizing via signed-in user (jlist845@gmail.com)
[debug] [2026-01-11T12:33:15.839Z] > command requires scopes: ["email","openid","https://www.googleapis.com/auth/cloudplatformprojects.readonly","https://www.googleapis.com/auth/firebase","https://www.googleapis.com/auth/cloud-platform"]
[debug] [2026-01-11T12:33:15.841Z] > authorizing via signed-in user (jlist845@gmail.com)
[debug] [2026-01-11T12:33:15.841Z] Checked if tokens are valid: true, expires at: 1768135777028
[debug] [2026-01-11T12:33:15.841Z] Checked if tokens are valid: true, expires at: 1768135777028
[debug] [2026-01-11T12:33:15.841Z] > command requires scopes: ["email","openid","https://www.googleapis.com/auth/cloudplatformprojects.readonly","https://www.googleapis.com/auth/firebase","https://www.googleapis.com/auth/cloud-platform"]
[debug] [2026-01-11T12:33:15.842Z] > authorizing via signed-in user (jlist845@gmail.com)
[debug] [2026-01-11T12:33:15.842Z] Checked if tokens are valid: true, expires at: 1768135777028
[debug] [2026-01-11T12:33:15.842Z] Checked if tokens are valid: true, expires at: 1768135777028
[debug] [2026-01-11T12:33:15.842Z] >>> [apiv2][query] GET https://cloudbilling.googleapis.com/v1/projects/pose-6e546/billingInfo [none]
[debug] [2026-01-11T12:33:15.843Z] >>> [apiv2][query] GET https://cloudbilling.googleapis.com/v1/projects/pose-6e546/billingInfo [none]
[debug] [2026-01-11T12:33:15.997Z] <<< [apiv2][status] GET https://cloudbilling.googleapis.com/v1/projects/pose-6e546/billingInfo 200
[debug] [2026-01-11T12:33:15.997Z] <<< [apiv2][body] GET https://cloudbilling.googleapis.com/v1/projects/pose-6e546/billingInfo {"name":"projects/pose-6e546/billingInfo","projectId":"pose-6e546","billingAccountName":"billingAccounts/011B2A-427980-32BC45","billingEnabled":true}
[debug] [2026-01-11T12:33:16.009Z] Checked if tokens are valid: true, expires at: 1768135777028
[debug] [2026-01-11T12:33:16.009Z] Checked if tokens are valid: true, expires at: 1768135777028
[debug] [2026-01-11T12:33:16.009Z] Checked if tokens are valid: true, expires at: 1768135777028
[debug] [2026-01-11T12:33:16.009Z] Checked if tokens are valid: true, expires at: 1768135777028
[debug] [2026-01-11T12:33:16.009Z] >>> [apiv2][query] GET https://serviceusage.googleapis.com/v1/projects/pose-6e546/services/firebaseapphosting.googleapis.com [none]
[debug] [2026-01-11T12:33:16.009Z] >>> [apiv2][(partial)header] GET https://serviceusage.googleapis.com/v1/projects/pose-6e546/services/firebaseapphosting.googleapis.com x-goog-quota-user=projects/pose-6e546
[debug] [2026-01-11T12:33:16.010Z] >>> [apiv2][query] GET https://serviceusage.googleapis.com/v1/projects/pose-6e546/services/firebaseio.com [none]
[debug] [2026-01-11T12:33:16.010Z] >>> [apiv2][(partial)header] GET https://serviceusage.googleapis.com/v1/projects/pose-6e546/services/firebaseio.com x-goog-quota-user=projects/pose-6e546
[debug] [2026-01-11T12:33:16.068Z] <<< [apiv2][status] GET https://cloudbilling.googleapis.com/v1/projects/pose-6e546/billingInfo 200
[debug] [2026-01-11T12:33:16.068Z] <<< [apiv2][body] GET https://cloudbilling.googleapis.com/v1/projects/pose-6e546/billingInfo {"name":"projects/pose-6e546/billingInfo","projectId":"pose-6e546","billingAccountName":"billingAccounts/011B2A-427980-32BC45","billingEnabled":true}
[debug] [2026-01-11T12:33:16.070Z] Checked if tokens are valid: true, expires at: 1768135777028
[debug] [2026-01-11T12:33:16.070Z] Checked if tokens are valid: true, expires at: 1768135777028
[debug] [2026-01-11T12:33:16.070Z] Checked if tokens are valid: true, expires at: 1768135777028
[debug] [2026-01-11T12:33:16.070Z] Checked if tokens are valid: true, expires at: 1768135777028
[debug] [2026-01-11T12:33:16.071Z] >>> [apiv2][query] GET https://serviceusage.googleapis.com/v1/projects/pose-6e546/services/firebaseapphosting.googleapis.com [none]
[debug] [2026-01-11T12:33:16.071Z] >>> [apiv2][(partial)header] GET https://serviceusage.googleapis.com/v1/projects/pose-6e546/services/firebaseapphosting.googleapis.com x-goog-quota-user=projects/pose-6e546
[debug] [2026-01-11T12:33:16.071Z] >>> [apiv2][query] GET https://serviceusage.googleapis.com/v1/projects/pose-6e546/services/firebaseio.com [none]
[debug] [2026-01-11T12:33:16.071Z] >>> [apiv2][(partial)header] GET https://serviceusage.googleapis.com/v1/projects/pose-6e546/services/firebaseio.com x-goog-quota-user=projects/pose-6e546
[debug] [2026-01-11T12:33:16.247Z] <<< [apiv2][status] GET https://serviceusage.googleapis.com/v1/projects/pose-6e546/services/firebaseio.com 403
[debug] [2026-01-11T12:33:16.247Z] <<< [apiv2][body] GET https://serviceusage.googleapis.com/v1/projects/pose-6e546/services/firebaseio.com [omitted]
[debug] [2026-01-11T12:33:16.285Z] <<< [apiv2][status] GET https://serviceusage.googleapis.com/v1/projects/pose-6e546/services/firebaseapphosting.googleapis.com 200
[debug] [2026-01-11T12:33:16.285Z] <<< [apiv2][body] GET https://serviceusage.googleapis.com/v1/projects/pose-6e546/services/firebaseapphosting.googleapis.com [omitted]
[debug] [2026-01-11T12:33:16.379Z] <<< [apiv2][status] GET https://serviceusage.googleapis.com/v1/projects/pose-6e546/services/firebaseio.com 403
[debug] [2026-01-11T12:33:16.379Z] <<< [apiv2][body] GET https://serviceusage.googleapis.com/v1/projects/pose-6e546/services/firebaseio.com [omitted]
[debug] [2026-01-11T12:33:16.485Z] <<< [apiv2][status] GET https://serviceusage.googleapis.com/v1/projects/pose-6e546/services/firebaseapphosting.googleapis.com 200
[debug] [2026-01-11T12:33:16.485Z] <<< [apiv2][body] GET https://serviceusage.googleapis.com/v1/projects/pose-6e546/services/firebaseapphosting.googleapis.com [omitted]
[debug] [2026-01-11T12:33:16.527Z] > command requires scopes: ["email","openid","https://www.googleapis.com/auth/cloudplatformprojects.readonly","https://www.googleapis.com/auth/firebase","https://www.googleapis.com/auth/cloud-platform"]
[debug] [2026-01-11T12:33:16.527Z] > authorizing via signed-in user (jlist845@gmail.com)
[debug] [2026-01-11T12:33:16.527Z] Checked if tokens are valid: true, expires at: 1768135777028
[debug] [2026-01-11T12:33:16.527Z] Checked if tokens are valid: true, expires at: 1768135777028
[debug] [2026-01-11T12:33:16.527Z] >>> [apiv2][query] GET https://cloudbilling.googleapis.com/v1/projects/pose-6e546/billingInfo [none]
[debug] [2026-01-11T12:33:16.605Z] <<< [apiv2][status] GET https://cloudbilling.googleapis.com/v1/projects/pose-6e546/billingInfo 200
[debug] [2026-01-11T12:33:16.605Z] <<< [apiv2][body] GET https://cloudbilling.googleapis.com/v1/projects/pose-6e546/billingInfo {"name":"projects/pose-6e546/billingInfo","projectId":"pose-6e546","billingAccountName":"billingAccounts/011B2A-427980-32BC45","billingEnabled":true}
[debug] [2026-01-11T12:33:16.607Z] > command requires scopes: ["email","openid","https://www.googleapis.com/auth/cloudplatformprojects.readonly","https://www.googleapis.com/auth/firebase","https://www.googleapis.com/auth/cloud-platform"]
[debug] [2026-01-11T12:33:16.607Z] > authorizing via signed-in user (jlist845@gmail.com)
[debug] [2026-01-11T12:33:16.651Z] > command requires scopes: ["email","openid","https://www.googleapis.com/auth/cloudplatformprojects.readonly","https://www.googleapis.com/auth/firebase","https://www.googleapis.com/auth/cloud-platform"]
[debug] [2026-01-11T12:33:16.651Z] > authorizing via signed-in user (jlist845@gmail.com)
[debug] [2026-01-11T12:33:16.651Z] Checked if tokens are valid: true, expires at: 1768135777028
[debug] [2026-01-11T12:33:16.651Z] Checked if tokens are valid: true, expires at: 1768135777028
[debug] [2026-01-11T12:33:16.651Z] >>> [apiv2][query] GET https://cloudbilling.googleapis.com/v1/projects/pose-6e546/billingInfo [none]
[debug] [2026-01-11T12:33:16.916Z] <<< [apiv2][status] GET https://cloudbilling.googleapis.com/v1/projects/pose-6e546/billingInfo 200
[debug] [2026-01-11T12:33:16.916Z] <<< [apiv2][body] GET https://cloudbilling.googleapis.com/v1/projects/pose-6e546/billingInfo {"name":"projects/pose-6e546/billingInfo","projectId":"pose-6e546","billingAccountName":"billingAccounts/011B2A-427980-32BC45","billingEnabled":true}
[debug] [2026-01-11T12:33:16.917Z] > command requires scopes: ["email","openid","https://www.googleapis.com/auth/cloudplatformprojects.readonly","https://www.googleapis.com/auth/firebase","https://www.googleapis.com/auth/cloud-platform"]
[debug] [2026-01-11T12:33:16.917Z] > authorizing via signed-in user (jlist845@gmail.com)
[debug] [2026-01-11T12:44:38.909Z] > command requires scopes: ["email","openid","https://www.googleapis.com/auth/cloudplatformprojects.readonly","https://www.googleapis.com/auth/firebase","https://www.googleapis.com/auth/cloud-platform"]
[debug] [2026-01-11T12:44:38.911Z] > authorizing via signed-in user (jlist845@gmail.com)
[debug] [2026-01-11T12:44:38.911Z] Checked if tokens are valid: false, expires at: 1768135777028
[debug] [2026-01-11T12:44:38.912Z] Checked if tokens are valid: false, expires at: 1768135777028
[debug] [2026-01-11T12:44:38.912Z] > refreshing access token with scopes: []
[debug] [2026-01-11T12:44:38.913Z] >>> [apiv2][query] POST https://www.googleapis.com/oauth2/v3/token [none]
[debug] [2026-01-11T12:44:38.913Z] >>> [apiv2][body] POST https://www.googleapis.com/oauth2/v3/token [omitted]
[debug] [2026-01-11T12:44:38.914Z] > command requires scopes: ["email","openid","https://www.googleapis.com/auth/cloudplatformprojects.readonly","https://www.googleapis.com/auth/firebase","https://www.googleapis.com/auth/cloud-platform"]
[debug] [2026-01-11T12:44:38.915Z] > authorizing via signed-in user (jlist845@gmail.com)
[debug] [2026-01-11T12:44:38.915Z] Checked if tokens are valid: false, expires at: 1768135777028
[debug] [2026-01-11T12:44:38.915Z] Checked if tokens are valid: false, expires at: 1768135777028
[debug] [2026-01-11T12:44:38.915Z] > refreshing access token with scopes: []
[debug] [2026-01-11T12:44:38.915Z] >>> [apiv2][query] POST https://www.googleapis.com/oauth2/v3/token [none]
[debug] [2026-01-11T12:44:38.915Z] >>> [apiv2][body] POST https://www.googleapis.com/oauth2/v3/token [omitted]
[debug] [2026-01-11T12:44:39.000Z] <<< [apiv2][status] POST https://www.googleapis.com/oauth2/v3/token 200
[debug] [2026-01-11T12:44:39.000Z] <<< [apiv2][body] POST https://www.googleapis.com/oauth2/v3/token [omitted]
[debug] [2026-01-11T12:44:39.019Z] >>> [apiv2][query] GET https://cloudbilling.googleapis.com/v1/projects/pose-6e546/billingInfo [none]
[debug] [2026-01-11T12:44:39.022Z] <<< [apiv2][status] POST https://www.googleapis.com/oauth2/v3/token 200
[debug] [2026-01-11T12:44:39.022Z] <<< [apiv2][body] POST https://www.googleapis.com/oauth2/v3/token [omitted]
[debug] [2026-01-11T12:44:39.035Z] >>> [apiv2][query] GET https://cloudbilling.googleapis.com/v1/projects/pose-6e546/billingInfo [none]
[debug] [2026-01-11T12:44:39.172Z] <<< [apiv2][status] GET https://cloudbilling.googleapis.com/v1/projects/pose-6e546/billingInfo 200
[debug] [2026-01-11T12:44:39.172Z] <<< [apiv2][body] GET https://cloudbilling.googleapis.com/v1/projects/pose-6e546/billingInfo {"name":"projects/pose-6e546/billingInfo","projectId":"pose-6e546","billingAccountName":"billingAccounts/011B2A-427980-32BC45","billingEnabled":true}
[debug] [2026-01-11T12:44:39.187Z] Checked if tokens are valid: true, expires at: 1768139078023
[debug] [2026-01-11T12:44:39.188Z] Checked if tokens are valid: true, expires at: 1768139078023
[debug] [2026-01-11T12:44:39.188Z] Checked if tokens are valid: true, expires at: 1768139078023
[debug] [2026-01-11T12:44:39.188Z] Checked if tokens are valid: true, expires at: 1768139078023
[debug] [2026-01-11T12:44:39.188Z] >>> [apiv2][query] GET https://serviceusage.googleapis.com/v1/projects/pose-6e546/services/firebaseapphosting.googleapis.com [none]
[debug] [2026-01-11T12:44:39.188Z] >>> [apiv2][(partial)header] GET https://serviceusage.googleapis.com/v1/projects/pose-6e546/services/firebaseapphosting.googleapis.com x-goog-quota-user=projects/pose-6e546
[debug] [2026-01-11T12:44:39.189Z] >>> [apiv2][query] GET https://serviceusage.googleapis.com/v1/projects/pose-6e546/services/firebaseio.com [none]
[debug] [2026-01-11T12:44:39.189Z] >>> [apiv2][(partial)header] GET https://serviceusage.googleapis.com/v1/projects/pose-6e546/services/firebaseio.com x-goog-quota-user=projects/pose-6e546
[debug] [2026-01-11T12:44:39.210Z] <<< [apiv2][status] GET https://cloudbilling.googleapis.com/v1/projects/pose-6e546/billingInfo 200
[debug] [2026-01-11T12:44:39.210Z] <<< [apiv2][body] GET https://cloudbilling.googleapis.com/v1/projects/pose-6e546/billingInfo {"name":"projects/pose-6e546/billingInfo","projectId":"pose-6e546","billingAccountName":"billingAccounts/011B2A-427980-32BC45","billingEnabled":true}
[debug] [2026-01-11T12:44:39.213Z] Checked if tokens are valid: true, expires at: 1768139078023
[debug] [2026-01-11T12:44:39.213Z] Checked if tokens are valid: true, expires at: 1768139078023
[debug] [2026-01-11T12:44:39.213Z] Checked if tokens are valid: true, expires at: 1768139078023
[debug] [2026-01-11T12:44:39.213Z] Checked if tokens are valid: true, expires at: 1768139078023
[debug] [2026-01-11T12:44:39.213Z] >>> [apiv2][query] GET https://serviceusage.googleapis.com/v1/projects/pose-6e546/services/firebaseapphosting.googleapis.com [none]
[debug] [2026-01-11T12:44:39.213Z] >>> [apiv2][(partial)header] GET https://serviceusage.googleapis.com/v1/projects/pose-6e546/services/firebaseapphosting.googleapis.com x-goog-quota-user=projects/pose-6e546
[debug] [2026-01-11T12:44:39.214Z] >>> [apiv2][query] GET https://serviceusage.googleapis.com/v1/projects/pose-6e546/services/firebaseio.com [none]
[debug] [2026-01-11T12:44:39.214Z] >>> [apiv2][(partial)header] GET https://serviceusage.googleapis.com/v1/projects/pose-6e546/services/firebaseio.com x-goog-quota-user=projects/pose-6e546
[debug] [2026-01-11T12:44:39.585Z] <<< [apiv2][status] GET https://serviceusage.googleapis.com/v1/projects/pose-6e546/services/firebaseio.com 403
[debug] [2026-01-11T12:44:39.585Z] <<< [apiv2][body] GET https://serviceusage.googleapis.com/v1/projects/pose-6e546/services/firebaseio.com [omitted]
[debug] [2026-01-11T12:44:39.586Z] <<< [apiv2][status] GET https://serviceusage.googleapis.com/v1/projects/pose-6e546/services/firebaseapphosting.googleapis.com 200
[debug] [2026-01-11T12:44:39.586Z] <<< [apiv2][body] GET https://serviceusage.googleapis.com/v1/projects/pose-6e546/services/firebaseapphosting.googleapis.com [omitted]
[debug] [2026-01-11T12:44:39.587Z] <<< [apiv2][status] GET https://serviceusage.googleapis.com/v1/projects/pose-6e546/services/firebaseapphosting.googleapis.com 200
[debug] [2026-01-11T12:44:39.587Z] <<< [apiv2][body] GET https://serviceusage.googleapis.com/v1/projects/pose-6e546/services/firebaseapphosting.googleapis.com [omitted]
[debug] [2026-01-11T12:44:39.587Z] <<< [apiv2][status] GET https://serviceusage.googleapis.com/v1/projects/pose-6e546/services/firebaseio.com 403
[debug] [2026-01-11T12:44:39.587Z] <<< [apiv2][body] GET https://serviceusage.googleapis.com/v1/projects/pose-6e546/services/firebaseio.com [omitted]
[debug] [2026-01-11T12:44:39.630Z] > command requires scopes: ["email","openid","https://www.googleapis.com/auth/cloudplatformprojects.readonly","https://www.googleapis.com/auth/firebase","https://www.googleapis.com/auth/cloud-platform"]
[debug] [2026-01-11T12:44:39.630Z] > authorizing via signed-in user (jlist845@gmail.com)
[debug] [2026-01-11T12:44:39.630Z] Checked if tokens are valid: true, expires at: 1768139078023
[debug] [2026-01-11T12:44:39.630Z] Checked if tokens are valid: true, expires at: 1768139078023
[debug] [2026-01-11T12:44:39.630Z] >>> [apiv2][query] GET https://cloudbilling.googleapis.com/v1/projects/pose-6e546/billingInfo [none]
[debug] [2026-01-11T12:44:39.715Z] <<< [apiv2][status] GET https://cloudbilling.googleapis.com/v1/projects/pose-6e546/billingInfo 200
[debug] [2026-01-11T12:44:39.715Z] <<< [apiv2][body] GET https://cloudbilling.googleapis.com/v1/projects/pose-6e546/billingInfo {"name":"projects/pose-6e546/billingInfo","projectId":"pose-6e546","billingAccountName":"billingAccounts/011B2A-427980-32BC45","billingEnabled":true}
[debug] [2026-01-11T12:44:39.717Z] > command requires scopes: ["email","openid","https://www.googleapis.com/auth/cloudplatformprojects.readonly","https://www.googleapis.com/auth/firebase","https://www.googleapis.com/auth/cloud-platform"]
[debug] [2026-01-11T12:44:39.717Z] > authorizing via signed-in user (jlist845@gmail.com)
[debug] [2026-01-11T12:44:39.760Z] > command requires scopes: ["email","openid","https://www.googleapis.com/auth/cloudplatformprojects.readonly","https://www.googleapis.com/auth/firebase","https://www.googleapis.com/auth/cloud-platform"]
[debug] [2026-01-11T12:44:39.761Z] > authorizing via signed-in user (jlist845@gmail.com)
[debug] [2026-01-11T12:44:39.761Z] Checked if tokens are valid: true, expires at: 1768139078023
[debug] [2026-01-11T12:44:39.761Z] Checked if tokens are valid: true, expires at: 1768139078023
[debug] [2026-01-11T12:44:39.761Z] >>> [apiv2][query] GET https://cloudbilling.googleapis.com/v1/projects/pose-6e546/billingInfo [none]
[debug] [2026-01-11T12:44:39.819Z] <<< [apiv2][status] GET https://cloudbilling.googleapis.com/v1/projects/pose-6e546/billingInfo 200
[debug] [2026-01-11T12:44:39.819Z] <<< [apiv2][body] GET https://cloudbilling.googleapis.com/v1/projects/pose-6e546/billingInfo {"name":"projects/pose-6e546/billingInfo","projectId":"pose-6e546","billingAccountName":"billingAccounts/011B2A-427980-32BC45","billingEnabled":true}
[debug] [2026-01-11T12:44:39.820Z] > command requires scopes: ["email","openid","https://www.googleapis.com/auth/cloudplatformprojects.readonly","https://www.googleapis.com/auth/firebase","https://www.googleapis.com/auth/cloud-platform"]
[debug] [2026-01-11T12:44:39.820Z] > authorizing via signed-in user (jlist845@gmail.com)
[debug] [2026-01-11T13:24:21.458Z] > command requires scopes: ["email","openid","https://www.googleapis.com/auth/cloudplatformprojects.readonly","https://www.googleapis.com/auth/firebase","https://www.googleapis.com/auth/cloud-platform"]
[debug] [2026-01-11T13:24:21.460Z] > authorizing via signed-in user (jlist845@gmail.com)
[debug] [2026-01-11T13:24:21.461Z] Checked if tokens are valid: true, expires at: 1768139078023
[debug] [2026-01-11T13:24:21.461Z] Checked if tokens are valid: true, expires at: 1768139078023
[debug] [2026-01-11T13:24:21.461Z] > command requires scopes: ["email","openid","https://www.googleapis.com/auth/cloudplatformprojects.readonly","https://www.googleapis.com/auth/firebase","https://www.googleapis.com/auth/cloud-platform"]
[debug] [2026-01-11T13:24:21.461Z] > authorizing via signed-in user (jlist845@gmail.com)
[debug] [2026-01-11T13:24:21.461Z] Checked if tokens are valid: true, expires at: 1768139078023
[debug] [2026-01-11T13:24:21.461Z] Checked if tokens are valid: true, expires at: 1768139078023
[debug] [2026-01-11T13:24:21.462Z] >>> [apiv2][query] GET https://cloudbilling.googleapis.com/v1/projects/pose-6e546/billingInfo [none]
[debug] [2026-01-11T13:24:21.463Z] >>> [apiv2][query] GET https://cloudbilling.googleapis.com/v1/projects/pose-6e546/billingInfo [none]
[debug] [2026-01-11T13:24:21.826Z] <<< [apiv2][status] GET https://cloudbilling.googleapis.com/v1/projects/pose-6e546/billingInfo 200
[debug] [2026-01-11T13:24:21.826Z] <<< [apiv2][body] GET https://cloudbilling.googleapis.com/v1/projects/pose-6e546/billingInfo {"name":"projects/pose-6e546/billingInfo","projectId":"pose-6e546","billingAccountName":"billingAccounts/011B2A-427980-32BC45","billingEnabled":true}
[debug] [2026-01-11T13:24:21.842Z] Checked if tokens are valid: true, expires at: 1768139078023
[debug] [2026-01-11T13:24:21.842Z] Checked if tokens are valid: true, expires at: 1768139078023
[debug] [2026-01-11T13:24:21.842Z] Checked if tokens are valid: true, expires at: 1768139078023
[debug] [2026-01-11T13:24:21.842Z] Checked if tokens are valid: true, expires at: 1768139078023
[debug] [2026-01-11T13:24:21.842Z] >>> [apiv2][query] GET https://serviceusage.googleapis.com/v1/projects/pose-6e546/services/firebaseapphosting.googleapis.com [none]
[debug] [2026-01-11T13:24:21.842Z] >>> [apiv2][(partial)header] GET https://serviceusage.googleapis.com/v1/projects/pose-6e546/services/firebaseapphosting.googleapis.com x-goog-quota-user=projects/pose-6e546
[debug] [2026-01-11T13:24:21.843Z] >>> [apiv2][query] GET https://serviceusage.googleapis.com/v1/projects/pose-6e546/services/firebaseio.com [none]
[debug] [2026-01-11T13:24:21.843Z] >>> [apiv2][(partial)header] GET https://serviceusage.googleapis.com/v1/projects/pose-6e546/services/firebaseio.com x-goog-quota-user=projects/pose-6e546
[debug] [2026-01-11T13:24:21.889Z] <<< [apiv2][status] GET https://cloudbilling.googleapis.com/v1/projects/pose-6e546/billingInfo 200
[debug] [2026-01-11T13:24:21.889Z] <<< [apiv2][body] GET https://cloudbilling.googleapis.com/v1/projects/pose-6e546/billingInfo {"name":"projects/pose-6e546/billingInfo","projectId":"pose-6e546","billingAccountName":"billingAccounts/011B2A-427980-32BC45","billingEnabled":true}
[debug] [2026-01-11T13:24:21.892Z] Checked if tokens are valid: true, expires at: 1768139078023
[debug] [2026-01-11T13:24:21.892Z] Checked if tokens are valid: true, expires at: 1768139078023
[debug] [2026-01-11T13:24:21.892Z] Checked if tokens are valid: true, expires at: 1768139078023
[debug] [2026-01-11T13:24:21.892Z] Checked if tokens are valid: true, expires at: 1768139078023
[debug] [2026-01-11T13:24:21.892Z] >>> [apiv2][query] GET https://serviceusage.googleapis.com/v1/projects/pose-6e546/services/firebaseapphosting.googleapis.com [none]
[debug] [2026-01-11T13:24:21.892Z] >>> [apiv2][(partial)header] GET https://serviceusage.googleapis.com/v1/projects/pose-6e546/services/firebaseapphosting.googleapis.com x-goog-quota-user=projects/pose-6e546
[debug] [2026-01-11T13:24:21.893Z] >>> [apiv2][query] GET https://serviceusage.googleapis.com/v1/projects/pose-6e546/services/firebaseio.com [none]
[debug] [2026-01-11T13:24:21.893Z] >>> [apiv2][(partial)header] GET https://serviceusage.googleapis.com/v1/projects/pose-6e546/services/firebaseio.com x-goog-quota-user=projects/pose-6e546
[debug] [2026-01-11T13:24:22.093Z] <<< [apiv2][status] GET https://serviceusage.googleapis.com/v1/projects/pose-6e546/services/firebaseio.com 403
[debug] [2026-01-11T13:24:22.093Z] <<< [apiv2][body] GET https://serviceusage.googleapis.com/v1/projects/pose-6e546/services/firebaseio.com [omitted]
[debug] [2026-01-11T13:24:22.110Z] <<< [apiv2][status] GET https://serviceusage.googleapis.com/v1/projects/pose-6e546/services/firebaseio.com 403
[debug] [2026-01-11T13:24:22.110Z] <<< [apiv2][body] GET https://serviceusage.googleapis.com/v1/projects/pose-6e546/services/firebaseio.com [omitted]
[debug] [2026-01-11T13:24:22.150Z] <<< [apiv2][status] GET https://serviceusage.googleapis.com/v1/projects/pose-6e546/services/firebaseapphosting.googleapis.com 200
[debug] [2026-01-11T13:24:22.151Z] <<< [apiv2][body] GET https://serviceusage.googleapis.com/v1/projects/pose-6e546/services/firebaseapphosting.googleapis.com [omitted]
[debug] [2026-01-11T13:24:22.153Z] <<< [apiv2][status] GET https://serviceusage.googleapis.com/v1/projects/pose-6e546/services/firebaseapphosting.googleapis.com 200
[debug] [2026-01-11T13:24:22.153Z] <<< [apiv2][body] GET https://serviceusage.googleapis.com/v1/projects/pose-6e546/services/firebaseapphosting.googleapis.com [omitted]
[debug] [2026-01-11T13:24:22.189Z] > command requires scopes: ["email","openid","https://www.googleapis.com/auth/cloudplatformprojects.readonly","https://www.googleapis.com/auth/firebase","https://www.googleapis.com/auth/cloud-platform"]
[debug] [2026-01-11T13:24:22.190Z] > authorizing via signed-in user (jlist845@gmail.com)
[debug] [2026-01-11T13:24:22.190Z] Checked if tokens are valid: true, expires at: 1768139078023
[debug] [2026-01-11T13:24:22.190Z] Checked if tokens are valid: true, expires at: 1768139078023
[debug] [2026-01-11T13:24:22.190Z] >>> [apiv2][query] GET https://cloudbilling.googleapis.com/v1/projects/pose-6e546/billingInfo [none]
[debug] [2026-01-11T13:24:22.261Z] <<< [apiv2][status] GET https://cloudbilling.googleapis.com/v1/projects/pose-6e546/billingInfo 200
[debug] [2026-01-11T13:24:22.261Z] <<< [apiv2][body] GET https://cloudbilling.googleapis.com/v1/projects/pose-6e546/billingInfo {"name":"projects/pose-6e546/billingInfo","projectId":"pose-6e546","billingAccountName":"billingAccounts/011B2A-427980-32BC45","billingEnabled":true}
[debug] [2026-01-11T13:24:22.261Z] > command requires scopes: ["email","openid","https://www.googleapis.com/auth/cloudplatformprojects.readonly","https://www.googleapis.com/auth/firebase","https://www.googleapis.com/auth/cloud-platform"]
[debug] [2026-01-11T13:24:22.262Z] > authorizing via signed-in user (jlist845@gmail.com)
[debug] [2026-01-11T13:24:22.298Z] > command requires scopes: ["email","openid","https://www.googleapis.com/auth/cloudplatformprojects.readonly","https://www.googleapis.com/auth/firebase","https://www.googleapis.com/auth/cloud-platform"]
[debug] [2026-01-11T13:24:22.298Z] > authorizing via signed-in user (jlist845@gmail.com)
[debug] [2026-01-11T13:24:22.298Z] Checked if tokens are valid: true, expires at: 1768139078023
[debug] [2026-01-11T13:24:22.298Z] Checked if tokens are valid: true, expires at: 1768139078023
[debug] [2026-01-11T13:24:22.298Z] >>> [apiv2][query] GET https://cloudbilling.googleapis.com/v1/projects/pose-6e546/billingInfo [none]
[debug] [2026-01-11T13:24:22.401Z] <<< [apiv2][status] GET https://cloudbilling.googleapis.com/v1/projects/pose-6e546/billingInfo 200
[debug] [2026-01-11T13:24:22.401Z] <<< [apiv2][body] GET https://cloudbilling.googleapis.com/v1/projects/pose-6e546/billingInfo {"name":"projects/pose-6e546/billingInfo","projectId":"pose-6e546","billingAccountName":"billingAccounts/011B2A-427980-32BC45","billingEnabled":true}
[debug] [2026-01-11T13:24:22.402Z] > command requires scopes: ["email","openid","https://www.googleapis.com/auth/cloudplatformprojects.readonly","https://www.googleapis.com/auth/firebase","https://www.googleapis.com/auth/cloud-platform"]
[debug] [2026-01-11T13:24:22.402Z] > authorizing via signed-in user (jlist845@gmail.com)
[debug] [2026-01-11T13:40:15.579Z] > command requires scopes: ["email","openid","https://www.googleapis.com/auth/cloudplatformprojects.readonly","https://www.googleapis.com/auth/firebase","https://www.googleapis.com/auth/cloud-platform"]
[debug] [2026-01-11T13:40:15.581Z] > authorizing via signed-in user (jlist845@gmail.com)
[debug] [2026-01-11T13:40:15.581Z] Checked if tokens are valid: false, expires at: 1768139078023
[debug] [2026-01-11T13:40:15.581Z] Checked if tokens are valid: false, expires at: 1768139078023
[debug] [2026-01-11T13:40:15.582Z] > refreshing access token with scopes: []
[debug] [2026-01-11T13:40:15.582Z] >>> [apiv2][query] POST https://www.googleapis.com/oauth2/v3/token [none]
[debug] [2026-01-11T13:40:15.583Z] >>> [apiv2][body] POST https://www.googleapis.com/oauth2/v3/token [omitted]
[debug] [2026-01-11T13:40:15.584Z] > command requires scopes: ["email","openid","https://www.googleapis.com/auth/cloudplatformprojects.readonly","https://www.googleapis.com/auth/firebase","https://www.googleapis.com/auth/cloud-platform"]
[debug] [2026-01-11T13:40:15.584Z] > authorizing via signed-in user (jlist845@gmail.com)
[debug] [2026-01-11T13:40:15.584Z] Checked if tokens are valid: false, expires at: 1768139078023
[debug] [2026-01-11T13:40:15.584Z] Checked if tokens are valid: false, expires at: 1768139078023
[debug] [2026-01-11T13:40:15.584Z] > refreshing access token with scopes: []
[debug] [2026-01-11T13:40:15.584Z] >>> [apiv2][query] POST https://www.googleapis.com/oauth2/v3/token [none]
[debug] [2026-01-11T13:40:15.584Z] >>> [apiv2][body] POST https://www.googleapis.com/oauth2/v3/token [omitted]
[debug] [2026-01-11T13:40:15.680Z] <<< [apiv2][status] POST https://www.googleapis.com/oauth2/v3/token 200
[debug] [2026-01-11T13:40:15.680Z] <<< [apiv2][body] POST https://www.googleapis.com/oauth2/v3/token [omitted]
[debug] [2026-01-11T13:40:15.696Z] >>> [apiv2][query] GET https://cloudbilling.googleapis.com/v1/projects/pose-6e546/billingInfo [none]
[debug] [2026-01-11T13:40:15.698Z] <<< [apiv2][status] POST https://www.googleapis.com/oauth2/v3/token 200
[debug] [2026-01-11T13:40:15.698Z] <<< [apiv2][body] POST https://www.googleapis.com/oauth2/v3/token [omitted]
[debug] [2026-01-11T13:40:15.709Z] >>> [apiv2][query] GET https://cloudbilling.googleapis.com/v1/projects/pose-6e546/billingInfo [none]
[debug] [2026-01-11T13:40:16.131Z] <<< [apiv2][status] GET https://cloudbilling.googleapis.com/v1/projects/pose-6e546/billingInfo 200
[debug] [2026-01-11T13:40:16.131Z] <<< [apiv2][body] GET https://cloudbilling.googleapis.com/v1/projects/pose-6e546/billingInfo {"name":"projects/pose-6e546/billingInfo","projectId":"pose-6e546","billingAccountName":"billingAccounts/011B2A-427980-32BC45","billingEnabled":true}
[debug] [2026-01-11T13:40:16.150Z] Checked if tokens are valid: true, expires at: 1768142414698
[debug] [2026-01-11T13:40:16.150Z] Checked if tokens are valid: true, expires at: 1768142414698
[debug] [2026-01-11T13:40:16.151Z] Checked if tokens are valid: true, expires at: 1768142414698
[debug] [2026-01-11T13:40:16.151Z] Checked if tokens are valid: true, expires at: 1768142414698
[debug] [2026-01-11T13:40:16.151Z] >>> [apiv2][query] GET https://serviceusage.googleapis.com/v1/projects/pose-6e546/services/firebaseapphosting.googleapis.com [none]
[debug] [2026-01-11T13:40:16.151Z] >>> [apiv2][(partial)header] GET https://serviceusage.googleapis.com/v1/projects/pose-6e546/services/firebaseapphosting.googleapis.com x-goog-quota-user=projects/pose-6e546
[debug] [2026-01-11T13:40:16.152Z] >>> [apiv2][query] GET https://serviceusage.googleapis.com/v1/projects/pose-6e546/services/firebaseio.com [none]
[debug] [2026-01-11T13:40:16.152Z] >>> [apiv2][(partial)header] GET https://serviceusage.googleapis.com/v1/projects/pose-6e546/services/firebaseio.com x-goog-quota-user=projects/pose-6e546
[debug] [2026-01-11T13:40:16.182Z] <<< [apiv2][status] GET https://cloudbilling.googleapis.com/v1/projects/pose-6e546/billingInfo 200
[debug] [2026-01-11T13:40:16.182Z] <<< [apiv2][body] GET https://cloudbilling.googleapis.com/v1/projects/pose-6e546/billingInfo {"name":"projects/pose-6e546/billingInfo","projectId":"pose-6e546","billingAccountName":"billingAccounts/011B2A-427980-32BC45","billingEnabled":true}
[debug] [2026-01-11T13:40:16.184Z] Checked if tokens are valid: true, expires at: 1768142414698
[debug] [2026-01-11T13:40:16.184Z] Checked if tokens are valid: true, expires at: 1768142414698
[debug] [2026-01-11T13:40:16.184Z] Checked if tokens are valid: true, expires at: 1768142414698
[debug] [2026-01-11T13:40:16.184Z] Checked if tokens are valid: true, expires at: 1768142414698
[debug] [2026-01-11T13:40:16.184Z] >>> [apiv2][query] GET https://serviceusage.googleapis.com/v1/projects/pose-6e546/services/firebaseapphosting.googleapis.com [none]
[debug] [2026-01-11T13:40:16.184Z] >>> [apiv2][(partial)header] GET https://serviceusage.googleapis.com/v1/projects/pose-6e546/services/firebaseapphosting.googleapis.com x-goog-quota-user=projects/pose-6e546
[debug] [2026-01-11T13:40:16.185Z] >>> [apiv2][query] GET https://serviceusage.googleapis.com/v1/projects/pose-6e546/services/firebaseio.com [none]
[debug] [2026-01-11T13:40:16.185Z] >>> [apiv2][(partial)header] GET https://serviceusage.googleapis.com/v1/projects/pose-6e546/services/firebaseio.com x-goog-quota-user=projects/pose-6e546
[debug] [2026-01-11T13:40:16.372Z] <<< [apiv2][status] GET https://serviceusage.googleapis.com/v1/projects/pose-6e546/services/firebaseio.com 403
[debug] [2026-01-11T13:40:16.372Z] <<< [apiv2][body] GET https://serviceusage.googleapis.com/v1/projects/pose-6e546/services/firebaseio.com [omitted]
[debug] [2026-01-11T13:40:16.387Z] <<< [apiv2][status] GET https://serviceusage.googleapis.com/v1/projects/pose-6e546/services/firebaseio.com 403
[debug] [2026-01-11T13:40:16.387Z] <<< [apiv2][body] GET https://serviceusage.googleapis.com/v1/projects/pose-6e546/services/firebaseio.com [omitted]
[debug] [2026-01-11T13:40:16.443Z] <<< [apiv2][status] GET https://serviceusage.googleapis.com/v1/projects/pose-6e546/services/firebaseapphosting.googleapis.com 200
[debug] [2026-01-11T13:40:16.443Z] <<< [apiv2][body] GET https://serviceusage.googleapis.com/v1/projects/pose-6e546/services/firebaseapphosting.googleapis.com [omitted]
[debug] [2026-01-11T13:40:16.443Z] <<< [apiv2][status] GET https://serviceusage.googleapis.com/v1/projects/pose-6e546/services/firebaseapphosting.googleapis.com 200
[debug] [2026-01-11T13:40:16.443Z] <<< [apiv2][body] GET https://serviceusage.googleapis.com/v1/projects/pose-6e546/services/firebaseapphosting.googleapis.com [omitted]
[debug] [2026-01-11T13:40:16.491Z] > command requires scopes: ["email","openid","https://www.googleapis.com/auth/cloudplatformprojects.readonly","https://www.googleapis.com/auth/firebase","https://www.googleapis.com/auth/cloud-platform"]
[debug] [2026-01-11T13:40:16.491Z] > authorizing via signed-in user (jlist845@gmail.com)
[debug] [2026-01-11T13:40:16.491Z] Checked if tokens are valid: true, expires at: 1768142414698
[debug] [2026-01-11T13:40:16.491Z] Checked if tokens are valid: true, expires at: 1768142414698
[debug] [2026-01-11T13:40:16.491Z] >>> [apiv2][query] GET https://cloudbilling.googleapis.com/v1/projects/pose-6e546/billingInfo [none]
[debug] [2026-01-11T13:40:16.546Z] <<< [apiv2][status] GET https://cloudbilling.googleapis.com/v1/projects/pose-6e546/billingInfo 200
[debug] [2026-01-11T13:40:16.547Z] <<< [apiv2][body] GET https://cloudbilling.googleapis.com/v1/projects/pose-6e546/billingInfo {"name":"projects/pose-6e546/billingInfo","projectId":"pose-6e546","billingAccountName":"billingAccounts/011B2A-427980-32BC45","billingEnabled":true}
[debug] [2026-01-11T13:40:16.553Z] > command requires scopes: ["email","openid","https://www.googleapis.com/auth/cloudplatformprojects.readonly","https://www.googleapis.com/auth/firebase","https://www.googleapis.com/auth/cloud-platform"]
[debug] [2026-01-11T13:40:16.553Z] > authorizing via signed-in user (jlist845@gmail.com)
[debug] [2026-01-11T13:40:16.591Z] > command requires scopes: ["email","openid","https://www.googleapis.com/auth/cloudplatformprojects.readonly","https://www.googleapis.com/auth/firebase","https://www.googleapis.com/auth/cloud-platform"]
[debug] [2026-01-11T13:40:16.591Z] > authorizing via signed-in user (jlist845@gmail.com)
[debug] [2026-01-11T13:40:16.591Z] Checked if tokens are valid: true, expires at: 1768142414698
[debug] [2026-01-11T13:40:16.591Z] Checked if tokens are valid: true, expires at: 1768142414698
[debug] [2026-01-11T13:40:16.591Z] >>> [apiv2][query] GET https://cloudbilling.googleapis.com/v1/projects/pose-6e546/billingInfo [none]
[debug] [2026-01-11T13:40:16.659Z] <<< [apiv2][status] GET https://cloudbilling.googleapis.com/v1/projects/pose-6e546/billingInfo 200
[debug] [2026-01-11T13:40:16.660Z] <<< [apiv2][body] GET https://cloudbilling.googleapis.com/v1/projects/pose-6e546/billingInfo {"name":"projects/pose-6e546/billingInfo","projectId":"pose-6e546","billingAccountName":"billingAccounts/011B2A-427980-32BC45","billingEnabled":true}
[debug] [2026-01-11T13:40:16.660Z] > command requires scopes: ["email","openid","https://www.googleapis.com/auth/cloudplatformprojects.readonly","https://www.googleapis.com/auth/firebase","https://www.googleapis.com/auth/cloud-platform"]
[debug] [2026-01-11T13:40:16.660Z] > authorizing via signed-in user (jlist845@gmail.com)
[debug] [2026-01-11T14:35:15.880Z] > command requires scopes: ["email","openid","https://www.googleapis.com/auth/cloudplatformprojects.readonly","https://www.googleapis.com/auth/firebase","https://www.googleapis.com/auth/cloud-platform"]
[debug] [2026-01-11T14:35:15.882Z] > authorizing via signed-in user (jlist845@gmail.com)
[debug] [2026-01-11T14:35:15.882Z] Checked if tokens are valid: false, expires at: 1768142414698
[debug] [2026-01-11T14:35:15.882Z] Checked if tokens are valid: false, expires at: 1768142414698
[debug] [2026-01-11T14:35:15.882Z] > refreshing access token with scopes: []
[debug] [2026-01-11T14:35:15.884Z] >>> [apiv2][query] POST https://www.googleapis.com/oauth2/v3/token [none]
[debug] [2026-01-11T14:35:15.884Z] >>> [apiv2][body] POST https://www.googleapis.com/oauth2/v3/token [omitted]
[debug] [2026-01-11T14:35:15.885Z] > command requires scopes: ["email","openid","https://www.googleapis.com/auth/cloudplatformprojects.readonly","https://www.googleapis.com/auth/firebase","https://www.googleapis.com/auth/cloud-platform"]
[debug] [2026-01-11T14:35:15.885Z] > authorizing via signed-in user (jlist845@gmail.com)
[debug] [2026-01-11T14:35:15.885Z] Checked if tokens are valid: false, expires at: 1768142414698
[debug] [2026-01-11T14:35:15.885Z] Checked if tokens are valid: false, expires at: 1768142414698
[debug] [2026-01-11T14:35:15.886Z] > refreshing access token with scopes: []
[debug] [2026-01-11T14:35:15.886Z] >>> [apiv2][query] POST https://www.googleapis.com/oauth2/v3/token [none]
[debug] [2026-01-11T14:35:15.886Z] >>> [apiv2][body] POST https://www.googleapis.com/oauth2/v3/token [omitted]
[debug] [2026-01-11T14:35:15.983Z] <<< [apiv2][status] POST https://www.googleapis.com/oauth2/v3/token 200
[debug] [2026-01-11T14:35:15.983Z] <<< [apiv2][body] POST https://www.googleapis.com/oauth2/v3/token [omitted]
[debug] [2026-01-11T14:35:15.999Z] >>> [apiv2][query] GET https://cloudbilling.googleapis.com/v1/projects/pose-6e546/billingInfo [none]
[debug] [2026-01-11T14:35:16.001Z] <<< [apiv2][status] POST https://www.googleapis.com/oauth2/v3/token 200
[debug] [2026-01-11T14:35:16.001Z] <<< [apiv2][body] POST https://www.googleapis.com/oauth2/v3/token [omitted]
[debug] [2026-01-11T14:35:16.013Z] >>> [apiv2][query] GET https://cloudbilling.googleapis.com/v1/projects/pose-6e546/billingInfo [none]
[debug] [2026-01-11T14:35:16.159Z] <<< [apiv2][status] GET https://cloudbilling.googleapis.com/v1/projects/pose-6e546/billingInfo 200
[debug] [2026-01-11T14:35:16.160Z] <<< [apiv2][body] GET https://cloudbilling.googleapis.com/v1/projects/pose-6e546/billingInfo {"name":"projects/pose-6e546/billingInfo","projectId":"pose-6e546","billingAccountName":"billingAccounts/011B2A-427980-32BC45","billingEnabled":true}
[debug] [2026-01-11T14:35:16.173Z] Checked if tokens are valid: true, expires at: 1768145714001
[debug] [2026-01-11T14:35:16.173Z] Checked if tokens are valid: true, expires at: 1768145714001
[debug] [2026-01-11T14:35:16.173Z] Checked if tokens are valid: true, expires at: 1768145714001
[debug] [2026-01-11T14:35:16.173Z] Checked if tokens are valid: true, expires at: 1768145714001
[debug] [2026-01-11T14:35:16.173Z] >>> [apiv2][query] GET https://serviceusage.googleapis.com/v1/projects/pose-6e546/services/firebaseapphosting.googleapis.com [none]
[debug] [2026-01-11T14:35:16.173Z] >>> [apiv2][(partial)header] GET https://serviceusage.googleapis.com/v1/projects/pose-6e546/services/firebaseapphosting.googleapis.com x-goog-quota-user=projects/pose-6e546
[debug] [2026-01-11T14:35:16.174Z] >>> [apiv2][query] GET https://serviceusage.googleapis.com/v1/projects/pose-6e546/services/firebaseio.com [none]
[debug] [2026-01-11T14:35:16.174Z] >>> [apiv2][(partial)header] GET https://serviceusage.googleapis.com/v1/projects/pose-6e546/services/firebaseio.com x-goog-quota-user=projects/pose-6e546
[debug] [2026-01-11T14:35:16.214Z] <<< [apiv2][status] GET https://cloudbilling.googleapis.com/v1/projects/pose-6e546/billingInfo 200
[debug] [2026-01-11T14:35:16.214Z] <<< [apiv2][body] GET https://cloudbilling.googleapis.com/v1/projects/pose-6e546/billingInfo {"name":"projects/pose-6e546/billingInfo","projectId":"pose-6e546","billingAccountName":"billingAccounts/011B2A-427980-32BC45","billingEnabled":true}
[debug] [2026-01-11T14:35:16.216Z] Checked if tokens are valid: true, expires at: 1768145714001
[debug] [2026-01-11T14:35:16.216Z] Checked if tokens are valid: true, expires at: 1768145714001
[debug] [2026-01-11T14:35:16.216Z] Checked if tokens are valid: true, expires at: 1768145714001
[debug] [2026-01-11T14:35:16.216Z] Checked if tokens are valid: true, expires at: 1768145714001
[debug] [2026-01-11T14:35:16.216Z] >>> [apiv2][query] GET https://serviceusage.googleapis.com/v1/projects/pose-6e546/services/firebaseapphosting.googleapis.com [none]
[debug] [2026-01-11T14:35:16.216Z] >>> [apiv2][(partial)header] GET https://serviceusage.googleapis.com/v1/projects/pose-6e546/services/firebaseapphosting.googleapis.com x-goog-quota-user=projects/pose-6e546
[debug] [2026-01-11T14:35:16.217Z] >>> [apiv2][query] GET https://serviceusage.googleapis.com/v1/projects/pose-6e546/services/firebaseio.com [none]
[debug] [2026-01-11T14:35:16.217Z] >>> [apiv2][(partial)header] GET https://serviceusage.googleapis.com/v1/projects/pose-6e546/services/firebaseio.com x-goog-quota-user=projects/pose-6e546
[debug] [2026-01-11T14:35:16.415Z] <<< [apiv2][status] GET https://serviceusage.googleapis.com/v1/projects/pose-6e546/services/firebaseio.com 403
[debug] [2026-01-11T14:35:16.416Z] <<< [apiv2][body] GET https://serviceusage.googleapis.com/v1/projects/pose-6e546/services/firebaseio.com [omitted]
[debug] [2026-01-11T14:35:16.476Z] <<< [apiv2][status] GET https://serviceusage.googleapis.com/v1/projects/pose-6e546/services/firebaseapphosting.googleapis.com 200
[debug] [2026-01-11T14:35:16.476Z] <<< [apiv2][body] GET https://serviceusage.googleapis.com/v1/projects/pose-6e546/services/firebaseapphosting.googleapis.com [omitted]
[debug] [2026-01-11T14:35:16.557Z] <<< [apiv2][status] GET https://serviceusage.googleapis.com/v1/projects/pose-6e546/services/firebaseio.com 403
[debug] [2026-01-11T14:35:16.558Z] <<< [apiv2][body] GET https://serviceusage.googleapis.com/v1/projects/pose-6e546/services/firebaseio.com [omitted]
[debug] [2026-01-11T14:35:16.645Z] <<< [apiv2][status] GET https://serviceusage.googleapis.com/v1/projects/pose-6e546/services/firebaseapphosting.googleapis.com 200
[debug] [2026-01-11T14:35:16.645Z] <<< [apiv2][body] GET https://serviceusage.googleapis.com/v1/projects/pose-6e546/services/firebaseapphosting.googleapis.com [omitted]
[debug] [2026-01-11T14:35:16.688Z] > command requires scopes: ["email","openid","https://www.googleapis.com/auth/cloudplatformprojects.readonly","https://www.googleapis.com/auth/firebase","https://www.googleapis.com/auth/cloud-platform"]
[debug] [2026-01-11T14:35:16.688Z] > authorizing via signed-in user (jlist845@gmail.com)
[debug] [2026-01-11T14:35:16.688Z] Checked if tokens are valid: true, expires at: 1768145714001
[debug] [2026-01-11T14:35:16.688Z] Checked if tokens are valid: true, expires at: 1768145714001
[debug] [2026-01-11T14:35:16.688Z] >>> [apiv2][query] GET https://cloudbilling.googleapis.com/v1/projects/pose-6e546/billingInfo [none]
[debug] [2026-01-11T14:35:16.751Z] <<< [apiv2][status] GET https://cloudbilling.googleapis.com/v1/projects/pose-6e546/billingInfo 200
[debug] [2026-01-11T14:35:16.751Z] <<< [apiv2][body] GET https://cloudbilling.googleapis.com/v1/projects/pose-6e546/billingInfo {"name":"projects/pose-6e546/billingInfo","projectId":"pose-6e546","billingAccountName":"billingAccounts/011B2A-427980-32BC45","billingEnabled":true}
[debug] [2026-01-11T14:35:16.754Z] > command requires scopes: ["email","openid","https://www.googleapis.com/auth/cloudplatformprojects.readonly","https://www.googleapis.com/auth/firebase","https://www.googleapis.com/auth/cloud-platform"]
[debug] [2026-01-11T14:35:16.754Z] > authorizing via signed-in user (jlist845@gmail.com)
[debug] [2026-01-11T14:35:16.792Z] > command requires scopes: ["email","openid","https://www.googleapis.com/auth/cloudplatformprojects.readonly","https://www.googleapis.com/auth/firebase","https://www.googleapis.com/auth/cloud-platform"]
[debug] [2026-01-11T14:35:16.792Z] > authorizing via signed-in user (jlist845@gmail.com)
[debug] [2026-01-11T14:35:16.792Z] Checked if tokens are valid: true, expires at: 1768145714001
[debug] [2026-01-11T14:35:16.792Z] Checked if tokens are valid: true, expires at: 1768145714001
[debug] [2026-01-11T14:35:16.793Z] >>> [apiv2][query] GET https://cloudbilling.googleapis.com/v1/projects/pose-6e546/billingInfo [none]
[debug] [2026-01-11T14:35:16.871Z] <<< [apiv2][status] GET https://cloudbilling.googleapis.com/v1/projects/pose-6e546/billingInfo 200
[debug] [2026-01-11T14:35:16.871Z] <<< [apiv2][body] GET https://cloudbilling.googleapis.com/v1/projects/pose-6e546/billingInfo {"name":"projects/pose-6e546/billingInfo","projectId":"pose-6e546","billingAccountName":"billingAccounts/011B2A-427980-32BC45","billingEnabled":true}
[debug] [2026-01-11T14:35:16.872Z] > command requires scopes: ["email","openid","https://www.googleapis.com/auth/cloudplatformprojects.readonly","https://www.googleapis.com/auth/firebase","https://www.googleapis.com/auth/cloud-platform"]
[debug] [2026-01-11T14:35:16.872Z] > authorizing via signed-in user (jlist845@gmail.com)
[debug] [2026-01-11T15:30:16.543Z] > command requires scopes: ["email","openid","https://www.googleapis.com/auth/cloudplatformprojects.readonly","https://www.googleapis.com/auth/firebase","https://www.googleapis.com/auth/cloud-platform"]
[debug] [2026-01-11T15:30:16.545Z] > authorizing via signed-in user (jlist845@gmail.com)
[debug] [2026-01-11T15:30:16.545Z] Checked if tokens are valid: false, expires at: 1768145714001
[debug] [2026-01-11T15:30:16.545Z] Checked if tokens are valid: false, expires at: 1768145714001
[debug] [2026-01-11T15:30:16.545Z] > refreshing access token with scopes: []
[debug] [2026-01-11T15:30:16.546Z] >>> [apiv2][query] POST https://www.googleapis.com/oauth2/v3/token [none]
[debug] [2026-01-11T15:30:16.546Z] >>> [apiv2][body] POST https://www.googleapis.com/oauth2/v3/token [omitted]
[debug] [2026-01-11T15:30:16.548Z] > command requires scopes: ["email","openid","https://www.googleapis.com/auth/cloudplatformprojects.readonly","https://www.googleapis.com/auth/firebase","https://www.googleapis.com/auth/cloud-platform"]
[debug] [2026-01-11T15:30:16.548Z] > authorizing via signed-in user (jlist845@gmail.com)
[debug] [2026-01-11T15:30:16.548Z] Checked if tokens are valid: false, expires at: 1768145714001
[debug] [2026-01-11T15:30:16.548Z] Checked if tokens are valid: false, expires at: 1768145714001
[debug] [2026-01-11T15:30:16.548Z] > refreshing access token with scopes: []
[debug] [2026-01-11T15:30:16.548Z] >>> [apiv2][query] POST https://www.googleapis.com/oauth2/v3/token [none]
[debug] [2026-01-11T15:30:16.548Z] >>> [apiv2][body] POST https://www.googleapis.com/oauth2/v3/token [omitted]
[debug] [2026-01-11T15:30:16.641Z] <<< [apiv2][status] POST https://www.googleapis.com/oauth2/v3/token 200
[debug] [2026-01-11T15:30:16.641Z] <<< [apiv2][body] POST https://www.googleapis.com/oauth2/v3/token [omitted]
[debug] [2026-01-11T15:30:16.654Z] >>> [apiv2][query] GET https://cloudbilling.googleapis.com/v1/projects/pose-6e546/billingInfo [none]
[debug] [2026-01-11T15:30:16.655Z] <<< [apiv2][status] POST https://www.googleapis.com/oauth2/v3/token 200
[debug] [2026-01-11T15:30:16.656Z] <<< [apiv2][body] POST https://www.googleapis.com/oauth2/v3/token [omitted]
[debug] [2026-01-11T15:30:16.673Z] >>> [apiv2][query] GET https://cloudbilling.googleapis.com/v1/projects/pose-6e546/billingInfo [none]
[debug] [2026-01-11T15:30:16.802Z] <<< [apiv2][status] GET https://cloudbilling.googleapis.com/v1/projects/pose-6e546/billingInfo 200
[debug] [2026-01-11T15:30:16.802Z] <<< [apiv2][body] GET https://cloudbilling.googleapis.com/v1/projects/pose-6e546/billingInfo {"name":"projects/pose-6e546/billingInfo","projectId":"pose-6e546","billingAccountName":"billingAccounts/011B2A-427980-32BC45","billingEnabled":true}
[debug] [2026-01-11T15:30:16.813Z] Checked if tokens are valid: true, expires at: 1768149015656
[debug] [2026-01-11T15:30:16.813Z] Checked if tokens are valid: true, expires at: 1768149015656
[debug] [2026-01-11T15:30:16.813Z] Checked if tokens are valid: true, expires at: 1768149015656
[debug] [2026-01-11T15:30:16.813Z] Checked if tokens are valid: true, expires at: 1768149015656
[debug] [2026-01-11T15:30:16.814Z] >>> [apiv2][query] GET https://serviceusage.googleapis.com/v1/projects/pose-6e546/services/firebaseapphosting.googleapis.com [none]
[debug] [2026-01-11T15:30:16.814Z] >>> [apiv2][(partial)header] GET https://serviceusage.googleapis.com/v1/projects/pose-6e546/services/firebaseapphosting.googleapis.com x-goog-quota-user=projects/pose-6e546
[debug] [2026-01-11T15:30:16.814Z] >>> [apiv2][query] GET https://serviceusage.googleapis.com/v1/projects/pose-6e546/services/firebaseio.com [none]
[debug] [2026-01-11T15:30:16.814Z] >>> [apiv2][(partial)header] GET https://serviceusage.googleapis.com/v1/projects/pose-6e546/services/firebaseio.com x-goog-quota-user=projects/pose-6e546
[debug] [2026-01-11T15:30:16.829Z] <<< [apiv2][status] GET https://cloudbilling.googleapis.com/v1/projects/pose-6e546/billingInfo 200
[debug] [2026-01-11T15:30:16.829Z] <<< [apiv2][body] GET https://cloudbilling.googleapis.com/v1/projects/pose-6e546/billingInfo {"name":"projects/pose-6e546/billingInfo","projectId":"pose-6e546","billingAccountName":"billingAccounts/011B2A-427980-32BC45","billingEnabled":true}
[debug] [2026-01-11T15:30:16.831Z] Checked if tokens are valid: true, expires at: 1768149015656
[debug] [2026-01-11T15:30:16.831Z] Checked if tokens are valid: true, expires at: 1768149015656
[debug] [2026-01-11T15:30:16.831Z] Checked if tokens are valid: true, expires at: 1768149015656
[debug] [2026-01-11T15:30:16.831Z] Checked if tokens are valid: true, expires at: 1768149015656
[debug] [2026-01-11T15:30:16.831Z] >>> [apiv2][query] GET https://serviceusage.googleapis.com/v1/projects/pose-6e546/services/firebaseapphosting.googleapis.com [none]
[debug] [2026-01-11T15:30:16.831Z] >>> [apiv2][(partial)header] GET https://serviceusage.googleapis.com/v1/projects/pose-6e546/services/firebaseapphosting.googleapis.com x-goog-quota-user=projects/pose-6e546
[debug] [2026-01-11T15:30:16.832Z] >>> [apiv2][query] GET https://serviceusage.googleapis.com/v1/projects/pose-6e546/services/firebaseio.com [none]
[debug] [2026-01-11T15:30:16.832Z] >>> [apiv2][(partial)header] GET https://serviceusage.googleapis.com/v1/projects/pose-6e546/services/firebaseio.com x-goog-quota-user=projects/pose-6e546
[debug] [2026-01-11T15:30:17.041Z] <<< [apiv2][status] GET https://serviceusage.googleapis.com/v1/projects/pose-6e546/services/firebaseio.com 403
[debug] [2026-01-11T15:30:17.041Z] <<< [apiv2][body] GET https://serviceusage.googleapis.com/v1/projects/pose-6e546/services/firebaseio.com [omitted]
[debug] [2026-01-11T15:30:17.042Z] <<< [apiv2][status] GET https://serviceusage.googleapis.com/v1/projects/pose-6e546/services/firebaseio.com 403
[debug] [2026-01-11T15:30:17.042Z] <<< [apiv2][body] GET https://serviceusage.googleapis.com/v1/projects/pose-6e546/services/firebaseio.com [omitted]
[debug] [2026-01-11T15:30:17.097Z] <<< [apiv2][status] GET https://serviceusage.googleapis.com/v1/projects/pose-6e546/services/firebaseapphosting.googleapis.com 200
[debug] [2026-01-11T15:30:17.098Z] <<< [apiv2][body] GET https://serviceusage.googleapis.com/v1/projects/pose-6e546/services/firebaseapphosting.googleapis.com [omitted]
[debug] [2026-01-11T15:30:17.098Z] <<< [apiv2][status] GET https://serviceusage.googleapis.com/v1/projects/pose-6e546/services/firebaseapphosting.googleapis.com 200
[debug] [2026-01-11T15:30:17.098Z] <<< [apiv2][body] GET https://serviceusage.googleapis.com/v1/projects/pose-6e546/services/firebaseapphosting.googleapis.com [omitted]
[debug] [2026-01-11T15:30:17.139Z] > command requires scopes: ["email","openid","https://www.googleapis.com/auth/cloudplatformprojects.readonly","https://www.googleapis.com/auth/firebase","https://www.googleapis.com/auth/cloud-platform"]
[debug] [2026-01-11T15:30:17.139Z] > authorizing via signed-in user (jlist845@gmail.com)
[debug] [2026-01-11T15:30:17.139Z] Checked if tokens are valid: true, expires at: 1768149015656
[debug] [2026-01-11T15:30:17.139Z] Checked if tokens are valid: true, expires at: 1768149015656
[debug] [2026-01-11T15:30:17.139Z] >>> [apiv2][query] GET https://cloudbilling.googleapis.com/v1/projects/pose-6e546/billingInfo [none]
[debug] [2026-01-11T15:30:17.215Z] <<< [apiv2][status] GET https://cloudbilling.googleapis.com/v1/projects/pose-6e546/billingInfo 200
[debug] [2026-01-11T15:30:17.216Z] <<< [apiv2][body] GET https://cloudbilling.googleapis.com/v1/projects/pose-6e546/billingInfo {"name":"projects/pose-6e546/billingInfo","projectId":"pose-6e546","billingAccountName":"billingAccounts/011B2A-427980-32BC45","billingEnabled":true}
[debug] [2026-01-11T15:30:17.219Z] > command requires scopes: ["email","openid","https://www.googleapis.com/auth/cloudplatformprojects.readonly","https://www.googleapis.com/auth/firebase","https://www.googleapis.com/auth/cloud-platform"]
[debug] [2026-01-11T15:30:17.219Z] > authorizing via signed-in user (jlist845@gmail.com)
[debug] [2026-01-11T15:30:17.260Z] > command requires scopes: ["email","openid","https://www.googleapis.com/auth/cloudplatformprojects.readonly","https://www.googleapis.com/auth/firebase","https://www.googleapis.com/auth/cloud-platform"]
[debug] [2026-01-11T15:30:17.260Z] > authorizing via signed-in user (jlist845@gmail.com)
[debug] [2026-01-11T15:30:17.260Z] Checked if tokens are valid: true, expires at: 1768149015656
[debug] [2026-01-11T15:30:17.260Z] Checked if tokens are valid: true, expires at: 1768149015656
[debug] [2026-01-11T15:30:17.260Z] >>> [apiv2][query] GET https://cloudbilling.googleapis.com/v1/projects/pose-6e546/billingInfo [none]
[debug] [2026-01-11T15:30:17.333Z] <<< [apiv2][status] GET https://cloudbilling.googleapis.com/v1/projects/pose-6e546/billingInfo 200
[debug] [2026-01-11T15:30:17.333Z] <<< [apiv2][body] GET https://cloudbilling.googleapis.com/v1/projects/pose-6e546/billingInfo {"name":"projects/pose-6e546/billingInfo","projectId":"pose-6e546","billingAccountName":"billingAccounts/011B2A-427980-32BC45","billingEnabled":true}
[debug] [2026-01-11T15:30:17.337Z] > command requires scopes: ["email","openid","https://www.googleapis.com/auth/cloudplatformprojects.readonly","https://www.googleapis.com/auth/firebase","https://www.googleapis.com/auth/cloud-platform"]
[debug] [2026-01-11T15:30:17.337Z] > authorizing via signed-in user (jlist845@gmail.com)
